#! /usr/bin/vvp
:ivl_version "10.1 (stable)";
:ivl_delay_selection "TYPICAL";
:vpi_time_precision + 0;
:vpi_module "system";
:vpi_module "vhdl_sys";
:vpi_module "v2005_math";
:vpi_module "va_math";
S_0x560ab607d950 .scope module, "main" "main" 2 50;
 .timescale 0 0;
v0x560ab60b59a0_0 .var "CLK", 0 0;
v0x560ab60b5a40_0 .var "RST", 0 0;
v0x560ab60b5b00_0 .var "cycle", 31 0;
v0x560ab60b5bd0_0 .var "do_cycles", 0 0;
v0x560ab60b5c90_0 .var "do_fsdb", 0 0;
v0x560ab60b5d50_0 .var "do_fst", 0 0;
v0x560ab60b5e10_0 .var "do_vcd", 0 0;
v0x560ab60b5ed0_0 .var "filename", 2048 1;
S_0x560ab607dad0 .scope module, "top" "mkFinalTest" 2 61, 3 29 0, S_0x560ab607d950;
 .timescale 0 0;
    .port_info 0 /INPUT 1 "CLK"
    .port_info 1 /INPUT 1 "RST_N"
L_0x560ab60be860 .functor AND 1, L_0x560ab60d2e50, L_0x560ab60ceb20, C4<1>, C4<1>;
L_0x560ab60cecb0 .functor AND 1, L_0x560ab60be860, L_0x560ab60cebc0, C4<1>, C4<1>;
L_0x560ab60cedc0 .functor AND 1, L_0x560ab5fe3a60, L_0x560ab60b6ed0, C4<1>, C4<1>;
L_0x560ab60cee30 .functor AND 1, L_0x560ab60cedc0, L_0x560ab60bc730, C4<1>, C4<1>;
L_0x560ab60ceef0 .functor AND 1, L_0x560ab60cee30, L_0x560ab60bd930, C4<1>, C4<1>;
L_0x560ab60cf120 .functor AND 1, L_0x560ab60ceef0, L_0x560ab60cefb0, C4<1>, C4<1>;
L_0x560ab60cf390 .functor AND 1, L_0x560ab60d2e50, L_0x560ab60cf270, C4<1>, C4<1>;
L_0x560ab60cfb50 .functor OR 1, L_0x560ab60cecb0, L_0x560ab60cf390, C4<0>, C4<0>;
L_0x560ab60cfe00 .functor BUFZ 1, L_0x560ab60cf120, C4<0>, C4<0>, C4<0>;
L_0x560ab60cff70 .functor BUFZ 1, L_0x560ab60cf120, C4<0>, C4<0>, C4<0>;
L_0x560ab60d0240 .functor BUFZ 1, L_0x560ab60cf120, C4<0>, C4<0>, C4<0>;
L_0x560ab60d0770 .functor BUFZ 1, L_0x560ab60cf120, C4<0>, C4<0>, C4<0>;
L_0x560ab60d0a30 .functor OR 1, L_0x560ab60cecb0, L_0x560ab60cf390, C4<0>, C4<0>;
L_0x560ab60d0b40 .functor OR 1, L_0x560ab60cf120, L_0x560ab60cecb0, C4<0>, C4<0>;
L_0x560ab60d0830 .functor BUFZ 8, L_0x560ab60bb9d0, C4<00000000>, C4<00000000>, C4<00000000>;
L_0x560ab60d0d20 .functor OR 1, L_0x560ab60cf390, L_0x560ab60cecb0, C4<0>, C4<0>;
L_0x560ab60d0eb0 .functor BUFZ 1, L_0x560ab60cf120, C4<0>, C4<0>, C4<0>;
L_0x560ab60d0f20 .functor BUFZ 8, L_0x560ab60bb690, C4<00000000>, C4<00000000>, C4<00000000>;
L_0x560ab60d1080 .functor OR 1, L_0x560ab60cf390, L_0x560ab60cecb0, C4<0>, C4<0>;
L_0x560ab60d1200 .functor BUFZ 1, L_0x560ab60cf120, C4<0>, C4<0>, C4<0>;
L_0x560ab60d15c0 .functor BUFZ 16, v0x560ab60b0a00_0, C4<0000000000000000>, C4<0000000000000000>, C4<0000000000000000>;
L_0x560ab60d1630 .functor BUFZ 8, L_0x560ab60bad80, C4<00000000>, C4<00000000>, C4<00000000>;
L_0x560ab60d1ba0 .functor OR 1, L_0x560ab60cf390, L_0x560ab60cecb0, C4<0>, C4<0>;
L_0x560ab60d1c10 .functor BUFZ 1, L_0x560ab60cf120, C4<0>, C4<0>, C4<0>;
L_0x560ab60d1da0 .functor BUFZ 8, L_0x560ab60bbd60, C4<00000000>, C4<00000000>, C4<00000000>;
L_0x560ab60d1e60 .functor OR 1, L_0x560ab60cf390, L_0x560ab60cecb0, C4<0>, C4<0>;
L_0x560ab60d1fb0 .functor BUFZ 1, L_0x560ab60cf120, C4<0>, C4<0>, C4<0>;
L_0x560ab60d21b0 .functor AND 1, L_0x560ab60bc670, L_0x560ab60bd680, C4<1>, C4<1>;
L_0x560ab60d2d90 .functor AND 1, L_0x560ab60d21b0, L_0x560ab5fdc950, C4<1>, C4<1>;
L_0x560ab60d2e50 .functor AND 1, L_0x560ab60d2d90, L_0x560ab60b6c20, C4<1>, C4<1>;
v0x560ab60ad5c0_0 .net "CLK", 0 0, v0x560ab60b59a0_0;  1 drivers
v0x560ab60ad680_0 .net "MUX_address$write_1__VAL_2", 15 0, L_0x560ab60cf590;  1 drivers
v0x560ab60ad760_0 .net "MUX_read_count$write_1__VAL_2", 15 0, L_0x560ab60cf830;  1 drivers
v0x560ab60ad820_0 .net "RST_N", 0 0, v0x560ab60b5a40_0;  1 drivers
v0x560ab60ad9d0_0 .net "WILL_FIRE_RL_first_coefficient", 0 0, L_0x560ab60cf120;  1 drivers
v0x560ab60ada90_0 .net "WILL_FIRE_RL_initial_push", 0 0, L_0x560ab60cecb0;  1 drivers
v0x560ab60adb50_0 .net "WILL_FIRE_RL_push_till_last_address", 0 0, L_0x560ab60cf390;  1 drivers
L_0x7f0daa5e3330 .functor BUFT 1, C4<0000000000000000>, C4<0>, C4<0>, C4<0>;
v0x560ab60adc10_0 .net/2u *"_s0", 15 0, L_0x7f0daa5e3330;  1 drivers
v0x560ab60adcf0_0 .net *"_s12", 0 0, L_0x560ab60cedc0;  1 drivers
L_0x7f0daa5e39a8 .functor BUFT 1, C4<0000000100000001>, C4<0>, C4<0>, C4<0>;
v0x560ab60addb0_0 .net/2u *"_s126", 15 0, L_0x7f0daa5e39a8;  1 drivers
L_0x7f0daa5e39f0 .functor BUFT 1, C4<0000000100000000>, C4<0>, C4<0>, C4<0>;
v0x560ab60ade90_0 .net/2u *"_s130", 15 0, L_0x7f0daa5e39f0;  1 drivers
L_0x7f0daa5e3a38 .functor BUFT 1, C4<0000000000000001>, C4<0>, C4<0>, C4<0>;
v0x560ab60adf70_0 .net/2u *"_s134", 15 0, L_0x7f0daa5e3a38;  1 drivers
v0x560ab60ae050_0 .net *"_s14", 0 0, L_0x560ab60cee30;  1 drivers
v0x560ab60ae110_0 .net *"_s16", 0 0, L_0x560ab60ceef0;  1 drivers
v0x560ab60ae1d0_0 .net *"_s168", 0 0, L_0x560ab60d2070;  1 drivers
L_0x7f0daa5e3d08 .functor BUFT 1, C4<00000000>, C4<0>, C4<0>, C4<0>;
v0x560ab60ae290_0 .net/2u *"_s170", 7 0, L_0x7f0daa5e3d08;  1 drivers
v0x560ab60ae370_0 .net *"_s172", 7 0, L_0x560ab60d2110;  1 drivers
v0x560ab60ae560_0 .net *"_s178", 0 0, L_0x560ab60d26a0;  1 drivers
L_0x7f0daa5e33c0 .functor BUFT 1, C4<0000000000000011>, C4<0>, C4<0>, C4<0>;
v0x560ab60ae620_0 .net/2u *"_s18", 15 0, L_0x7f0daa5e33c0;  1 drivers
L_0x7f0daa5e3d50 .functor BUFT 1, C4<00000000>, C4<0>, C4<0>, C4<0>;
v0x560ab60ae700_0 .net/2u *"_s180", 7 0, L_0x7f0daa5e3d50;  1 drivers
v0x560ab60ae7e0_0 .net *"_s182", 7 0, L_0x560ab60d2740;  1 drivers
v0x560ab60ae8c0_0 .net *"_s188", 0 0, L_0x560ab60d21b0;  1 drivers
v0x560ab60ae980_0 .net *"_s190", 0 0, L_0x560ab60d2d90;  1 drivers
L_0x7f0daa5e3d98 .functor BUFT 1, C4<0000000100000010>, C4<0>, C4<0>, C4<0>;
v0x560ab60aea40_0 .net/2u *"_s194", 15 0, L_0x7f0daa5e3d98;  1 drivers
L_0x7f0daa5e3de0 .functor BUFT 1, C4<0000000000000010>, C4<0>, C4<0>, C4<0>;
v0x560ab60aeb20_0 .net/2u *"_s198", 15 0, L_0x7f0daa5e3de0;  1 drivers
v0x560ab60aec00_0 .net *"_s2", 0 0, L_0x560ab60ceb20;  1 drivers
v0x560ab60aecc0_0 .net *"_s20", 0 0, L_0x560ab60cefb0;  1 drivers
L_0x7f0daa5e3e28 .functor BUFT 1, C4<0000000000000010>, C4<0>, C4<0>, C4<0>;
v0x560ab60aed80_0 .net/2u *"_s202", 15 0, L_0x7f0daa5e3e28;  1 drivers
v0x560ab60aee60_0 .net *"_s208", 6 0, L_0x560ab60d34b0;  1 drivers
L_0x7f0daa5e3e70 .functor BUFT 1, C4<0>, C4<0>, C4<0>, C4<0>;
v0x560ab60aef40_0 .net *"_s210", 0 0, L_0x7f0daa5e3e70;  1 drivers
v0x560ab60af020_0 .net *"_s214", 6 0, L_0x560ab60d3760;  1 drivers
L_0x7f0daa5e3eb8 .functor BUFT 1, C4<0>, C4<0>, C4<0>, C4<0>;
v0x560ab60af100_0 .net *"_s216", 0 0, L_0x7f0daa5e3eb8;  1 drivers
v0x560ab60af1e0_0 .net *"_s220", 6 0, L_0x560ab60d3930;  1 drivers
L_0x7f0daa5e3f00 .functor BUFT 1, C4<0>, C4<0>, C4<0>, C4<0>;
v0x560ab60af2c0_0 .net *"_s222", 0 0, L_0x7f0daa5e3f00;  1 drivers
v0x560ab60af3a0_0 .net *"_s226", 6 0, L_0x560ab60d3ca0;  1 drivers
L_0x7f0daa5e3f48 .functor BUFT 1, C4<0>, C4<0>, C4<0>, C4<0>;
v0x560ab60af480_0 .net *"_s228", 0 0, L_0x7f0daa5e3f48;  1 drivers
v0x560ab60af560_0 .net *"_s232", 6 0, L_0x560ab60d4020;  1 drivers
L_0x7f0daa5e3f90 .functor BUFT 1, C4<0>, C4<0>, C4<0>, C4<0>;
v0x560ab60af640_0 .net *"_s234", 0 0, L_0x7f0daa5e3f90;  1 drivers
v0x560ab60af720_0 .net *"_s238", 6 0, L_0x560ab60d43a0;  1 drivers
L_0x7f0daa5e3408 .functor BUFT 1, C4<0000000000000001>, C4<0>, C4<0>, C4<0>;
v0x560ab60af800_0 .net/2u *"_s24", 15 0, L_0x7f0daa5e3408;  1 drivers
L_0x7f0daa5e3fd8 .functor BUFT 1, C4<0>, C4<0>, C4<0>, C4<0>;
v0x560ab60af8e0_0 .net *"_s240", 0 0, L_0x7f0daa5e3fd8;  1 drivers
v0x560ab60af9c0_0 .net *"_s244", 6 0, L_0x560ab60d4730;  1 drivers
L_0x7f0daa5e4020 .functor BUFT 1, C4<0>, C4<0>, C4<0>, C4<0>;
v0x560ab60afaa0_0 .net *"_s246", 0 0, L_0x7f0daa5e4020;  1 drivers
v0x560ab60afb80_0 .net *"_s250", 6 0, L_0x560ab60d4ae0;  1 drivers
L_0x7f0daa5e4068 .functor BUFT 1, C4<0>, C4<0>, C4<0>, C4<0>;
v0x560ab60afc60_0 .net *"_s252", 0 0, L_0x7f0daa5e4068;  1 drivers
v0x560ab60afd40_0 .net *"_s26", 0 0, L_0x560ab60cf270;  1 drivers
L_0x7f0daa5e3450 .functor BUFT 1, C4<0000000011111110>, C4<0>, C4<0>, C4<0>;
v0x560ab60afe00_0 .net/2u *"_s30", 15 0, L_0x7f0daa5e3450;  1 drivers
v0x560ab60afee0_0 .net *"_s32", 0 0, L_0x560ab60cf4a0;  1 drivers
L_0x7f0daa5e3498 .functor BUFT 1, C4<0000000011111110>, C4<0>, C4<0>, C4<0>;
v0x560ab60affa0_0 .net/2u *"_s36", 15 0, L_0x7f0daa5e3498;  1 drivers
v0x560ab60b0040_0 .net *"_s38", 0 0, L_0x560ab60cf6c0;  1 drivers
v0x560ab60b00e0_0 .net *"_s4", 0 0, L_0x560ab60be860;  1 drivers
L_0x7f0daa5e34e0 .functor BUFT 1, C4<0000000000000010>, C4<0>, C4<0>, C4<0>;
v0x560ab60b01a0_0 .net/2u *"_s40", 15 0, L_0x7f0daa5e34e0;  1 drivers
v0x560ab60b0280_0 .net *"_s48", 0 0, L_0x560ab60cfc60;  1 drivers
L_0x7f0daa5e3528 .functor BUFT 1, C4<00000000>, C4<0>, C4<0>, C4<0>;
v0x560ab60b0340_0 .net/2u *"_s50", 7 0, L_0x7f0daa5e3528;  1 drivers
v0x560ab60b0420_0 .net *"_s52", 7 0, L_0x560ab60cfd60;  1 drivers
v0x560ab60b0500_0 .net *"_s58", 0 0, L_0x560ab60d0100;  1 drivers
L_0x7f0daa5e3378 .functor BUFT 1, C4<0000000000000000>, C4<0>, C4<0>, C4<0>;
v0x560ab60b05c0_0 .net/2u *"_s6", 15 0, L_0x7f0daa5e3378;  1 drivers
L_0x7f0daa5e3570 .functor BUFT 1, C4<00000000>, C4<0>, C4<0>, C4<0>;
v0x560ab60b06a0_0 .net/2u *"_s60", 7 0, L_0x7f0daa5e3570;  1 drivers
v0x560ab60b0780_0 .net *"_s62", 7 0, L_0x560ab60d01a0;  1 drivers
v0x560ab60b0860_0 .net *"_s8", 0 0, L_0x560ab60cebc0;  1 drivers
L_0x7f0daa5e35b8 .functor BUFT 1, C4<0000000000000001>, C4<0>, C4<0>, C4<0>;
v0x560ab60b0920_0 .net/2u *"_s80", 15 0, L_0x7f0daa5e35b8;  1 drivers
v0x560ab60b0a00_0 .var "address", 15 0;
v0x560ab60b0ae0_0 .net "address$D_IN", 15 0, L_0x560ab60cf9c0;  1 drivers
v0x560ab60b0bc0_0 .net "address$EN", 0 0, L_0x560ab60cfb50;  1 drivers
L_0x7f0daa5e3600 .functor BUFT 1, C4<0>, C4<0>, C4<0>, C4<0>;
v0x560ab60b0c80_0 .net "c_fifo_0$CLR", 0 0, L_0x7f0daa5e3600;  1 drivers
v0x560ab60b0d20_0 .net "c_fifo_0$DEQ", 0 0, L_0x560ab60d0eb0;  1 drivers
v0x560ab60b0df0_0 .net "c_fifo_0$D_IN", 7 0, L_0x560ab60d0830;  1 drivers
v0x560ab60b0ec0_0 .net "c_fifo_0$D_OUT", 7 0, v0x560ab609eb80_0;  1 drivers
v0x560ab60b0f90_0 .net "c_fifo_0$EMPTY_N", 0 0, L_0x560ab5fe3a60;  1 drivers
v0x560ab60b1060_0 .net "c_fifo_0$ENQ", 0 0, L_0x560ab60d0d20;  1 drivers
v0x560ab60b1130_0 .net "c_fifo_0$FULL_N", 0 0, L_0x560ab5fdc950;  1 drivers
L_0x7f0daa5e3648 .functor BUFT 1, C4<0>, C4<0>, C4<0>, C4<0>;
v0x560ab60b1200_0 .net "c_fifo_1$CLR", 0 0, L_0x7f0daa5e3648;  1 drivers
v0x560ab60b12d0_0 .net "c_fifo_1$DEQ", 0 0, L_0x560ab60d1200;  1 drivers
v0x560ab60b13a0_0 .net "c_fifo_1$D_IN", 7 0, L_0x560ab60d0f20;  1 drivers
v0x560ab60b1470_0 .net "c_fifo_1$D_OUT", 7 0, v0x560ab60a06f0_0;  1 drivers
v0x560ab60b1540_0 .net "c_fifo_1$EMPTY_N", 0 0, L_0x560ab60b6ed0;  1 drivers
v0x560ab60b1610_0 .net "c_fifo_1$ENQ", 0 0, L_0x560ab60d1080;  1 drivers
v0x560ab60b16e0_0 .net "c_fifo_1$FULL_N", 0 0, L_0x560ab60b6c20;  1 drivers
L_0x7f0daa5e3768 .functor BUFT 1, C4<0>, C4<0>, C4<0>, C4<0>;
v0x560ab60b17b0_0 .net "c_fifo_h0$CLR", 0 0, L_0x7f0daa5e3768;  1 drivers
L_0x7f0daa5e3720 .functor BUFT 1, C4<0>, C4<0>, C4<0>, C4<0>;
v0x560ab60b1880_0 .net "c_fifo_h0$DEQ", 0 0, L_0x7f0daa5e3720;  1 drivers
L_0x7f0daa5e3690 .functor BUFT 1, C4<00000000>, C4<0>, C4<0>, C4<0>;
v0x560ab60b1950_0 .net "c_fifo_h0$D_IN", 7 0, L_0x7f0daa5e3690;  1 drivers
L_0x7f0daa5e36d8 .functor BUFT 1, C4<0>, C4<0>, C4<0>, C4<0>;
v0x560ab60b1a20_0 .net "c_fifo_h0$ENQ", 0 0, L_0x7f0daa5e36d8;  1 drivers
L_0x7f0daa5e3888 .functor BUFT 1, C4<0>, C4<0>, C4<0>, C4<0>;
v0x560ab60b1af0_0 .net "c_fifo_h1$CLR", 0 0, L_0x7f0daa5e3888;  1 drivers
L_0x7f0daa5e3840 .functor BUFT 1, C4<0>, C4<0>, C4<0>, C4<0>;
v0x560ab60b1bc0_0 .net "c_fifo_h1$DEQ", 0 0, L_0x7f0daa5e3840;  1 drivers
L_0x7f0daa5e37b0 .functor BUFT 1, C4<00000000>, C4<0>, C4<0>, C4<0>;
v0x560ab60b1c90_0 .net "c_fifo_h1$D_IN", 7 0, L_0x7f0daa5e37b0;  1 drivers
L_0x7f0daa5e37f8 .functor BUFT 1, C4<0>, C4<0>, C4<0>, C4<0>;
v0x560ab60b1d60_0 .net "c_fifo_h1$ENQ", 0 0, L_0x7f0daa5e37f8;  1 drivers
v0x560ab60b1e30_0 .var "h_00", 7 0;
v0x560ab60b1ed0_0 .net "h_00$D_IN", 7 0, L_0x560ab60cfed0;  1 drivers
v0x560ab60b1f70_0 .net "h_00$EN", 0 0, L_0x560ab60cfe00;  1 drivers
v0x560ab60b2010_0 .var "h_01", 7 0;
v0x560ab60b20b0_0 .net "h_01$D_IN", 7 0, L_0x560ab60d0390;  1 drivers
v0x560ab60b2150_0 .net "h_01$EN", 0 0, L_0x560ab60cff70;  1 drivers
v0x560ab60b21f0_0 .net "hh__h1971", 7 0, L_0x560ab60d22f0;  1 drivers
L_0x7f0daa5e3960 .functor BUFT 1, C4<0>, C4<0>, C4<0>, C4<0>;
v0x560ab60b2290_0 .net "high_pass$EN_h_0", 0 0, L_0x7f0daa5e3960;  1 drivers
L_0x7f0daa5e3918 .functor BUFT 1, C4<0>, C4<0>, C4<0>, C4<0>;
v0x560ab60b2360_0 .net "high_pass$EN_input_two_value", 0 0, L_0x7f0daa5e3918;  1 drivers
L_0x7f0daa5e38d0 .functor BUFT 1, C4<0000000000000000>, C4<0>, C4<0>, C4<0>;
v0x560ab60b2430_0 .net "high_pass$input_two_value_value", 15 0, L_0x7f0daa5e38d0;  1 drivers
v0x560ab60b2500_0 .net "hl__h1970", 7 0, L_0x560ab60d2480;  1 drivers
v0x560ab60b25a0_0 .net "image$ADDR_1", 15 0, L_0x560ab60d15c0;  1 drivers
v0x560ab60b2670_0 .net "image$ADDR_2", 15 0, L_0x560ab60d0fe0;  1 drivers
v0x560ab60b2740_0 .net "image$ADDR_3", 15 0, L_0x560ab60d0940;  1 drivers
v0x560ab60b2810_0 .net "image$ADDR_4", 15 0, L_0x560ab60d17a0;  1 drivers
L_0x7f0daa5e3a80 .functor BUFT 1, C4<0000000000000000>, C4<0>, C4<0>, C4<0>;
v0x560ab60b28e0_0 .net "image$ADDR_5", 15 0, L_0x7f0daa5e3a80;  1 drivers
L_0x7f0daa5e3ac8 .functor BUFT 1, C4<0000000000000000>, C4<0>, C4<0>, C4<0>;
v0x560ab60b29b0_0 .net "image$ADDR_IN", 15 0, L_0x7f0daa5e3ac8;  1 drivers
L_0x7f0daa5e3b10 .functor BUFT 1, C4<00000000>, C4<0>, C4<0>, C4<0>;
v0x560ab60b2a80_0 .net "image$D_IN", 7 0, L_0x7f0daa5e3b10;  1 drivers
v0x560ab60b2b50_0 .net "image$D_OUT_1", 7 0, L_0x560ab60bad80;  1 drivers
v0x560ab60b2c20_0 .net "image$D_OUT_2", 7 0, L_0x560ab60bb690;  1 drivers
v0x560ab60b2cf0_0 .net "image$D_OUT_3", 7 0, L_0x560ab60bb9d0;  1 drivers
v0x560ab60b2dc0_0 .net "image$D_OUT_4", 7 0, L_0x560ab60bbd60;  1 drivers
L_0x7f0daa5e3b58 .functor BUFT 1, C4<0>, C4<0>, C4<0>, C4<0>;
v0x560ab60b2e90_0 .net "image$WE", 0 0, L_0x7f0daa5e3b58;  1 drivers
v0x560ab60b2f60_0 .var "l_00", 7 0;
v0x560ab60b3000_0 .net "l_00$D_IN", 7 0, L_0x560ab60d0550;  1 drivers
v0x560ab60b30a0_0 .net "l_00$EN", 0 0, L_0x560ab60d0240;  1 drivers
v0x560ab60b3140_0 .var "l_01", 7 0;
v0x560ab60b3220_0 .net "l_01$D_IN", 7 0, L_0x560ab60d06d0;  1 drivers
v0x560ab60b3300_0 .net "l_01$EN", 0 0, L_0x560ab60d0770;  1 drivers
v0x560ab60b33c0_0 .net "lh__h1969", 7 0, L_0x560ab60d28d0;  1 drivers
v0x560ab60b34a0_0 .net "ll__h1968", 7 0, L_0x560ab60d2a60;  1 drivers
L_0x7f0daa5e3c30 .functor BUFT 1, C4<0>, C4<0>, C4<0>, C4<0>;
v0x560ab60b3580_0 .net "low_pass$EN_h_0", 0 0, L_0x7f0daa5e3c30;  1 drivers
L_0x7f0daa5e3be8 .functor BUFT 1, C4<0>, C4<0>, C4<0>, C4<0>;
v0x560ab60b3650_0 .net "low_pass$EN_input_two_value", 0 0, L_0x7f0daa5e3be8;  1 drivers
L_0x7f0daa5e3ba0 .functor BUFT 1, C4<0000000000000000>, C4<0>, C4<0>, C4<0>;
v0x560ab60b3720_0 .net "low_pass$input_two_value_value", 15 0, L_0x7f0daa5e3ba0;  1 drivers
v0x560ab60b37f0_0 .var "read_count", 15 0;
v0x560ab60b3890_0 .net "read_count$D_IN", 15 0, L_0x560ab60d08a0;  1 drivers
v0x560ab60b3970_0 .net "read_count$EN", 0 0, L_0x560ab60d0a30;  1 drivers
L_0x7f0daa5e3c78 .functor BUFT 1, C4<0>, C4<0>, C4<0>, C4<0>;
v0x560ab60b3a30_0 .net "row_fifo_0$CLR", 0 0, L_0x7f0daa5e3c78;  1 drivers
v0x560ab60b3b00_0 .net "row_fifo_0$DEQ", 0 0, L_0x560ab60d1c10;  1 drivers
v0x560ab60b3bd0_0 .net "row_fifo_0$D_IN", 7 0, L_0x560ab60d1630;  1 drivers
v0x560ab60b3ca0_0 .net "row_fifo_0$D_OUT", 7 0, v0x560ab60aaf00_0;  1 drivers
v0x560ab60b3d70_0 .net "row_fifo_0$EMPTY_N", 0 0, L_0x560ab60bc730;  1 drivers
v0x560ab60b3e40_0 .net "row_fifo_0$ENQ", 0 0, L_0x560ab60d1ba0;  1 drivers
v0x560ab60b4720_0 .net "row_fifo_0$FULL_N", 0 0, L_0x560ab60bc670;  1 drivers
v0x560ab60b47f0_0 .net "row_fifo_0_i_notFull_AND_row_fifo_1_i_notFull__ETC___d7", 0 0, L_0x560ab60d2e50;  1 drivers
L_0x7f0daa5e3cc0 .functor BUFT 1, C4<0>, C4<0>, C4<0>, C4<0>;
v0x560ab60b4890_0 .net "row_fifo_1$CLR", 0 0, L_0x7f0daa5e3cc0;  1 drivers
v0x560ab60b4960_0 .net "row_fifo_1$DEQ", 0 0, L_0x560ab60d1fb0;  1 drivers
v0x560ab60b4a30_0 .net "row_fifo_1$D_IN", 7 0, L_0x560ab60d1da0;  1 drivers
v0x560ab60b4b00_0 .net "row_fifo_1$D_OUT", 7 0, v0x560ab60ad160_0;  1 drivers
v0x560ab60b4bd0_0 .net "row_fifo_1$EMPTY_N", 0 0, L_0x560ab60bd930;  1 drivers
v0x560ab60b4ca0_0 .net "row_fifo_1$ENQ", 0 0, L_0x560ab60d1e60;  1 drivers
v0x560ab60b4d70_0 .net "row_fifo_1$FULL_N", 0 0, L_0x560ab60bd680;  1 drivers
v0x560ab60b4e40_0 .var "state", 15 0;
v0x560ab60b4ee0_0 .net "state$D_IN", 15 0, L_0x560ab60d0aa0;  1 drivers
v0x560ab60b4f80_0 .net "state$EN", 0 0, L_0x560ab60d0b40;  1 drivers
v0x560ab60b5020_0 .net "x__h1431", 15 0, L_0x560ab60d3010;  1 drivers
v0x560ab60b50c0_0 .net "x__h1451", 15 0, L_0x560ab60d31c0;  1 drivers
v0x560ab60b5160_0 .net "x__h1474", 15 0, L_0x560ab60d33c0;  1 drivers
v0x560ab60b5240_0 .net "x__h1865", 7 0, L_0x560ab60d3670;  1 drivers
v0x560ab60b5320_0 .net "x__h1955", 7 0, L_0x560ab60d3550;  1 drivers
v0x560ab60b5400_0 .net "x__h2117", 7 0, L_0x560ab60d3b60;  1 drivers
v0x560ab60b54e0_0 .net "x__h2251", 7 0, L_0x560ab60d3ee0;  1 drivers
v0x560ab60b55c0_0 .net "y__h1866", 7 0, L_0x560ab60d42b0;  1 drivers
v0x560ab60b56a0_0 .net "y__h1956", 7 0, L_0x560ab60d4640;  1 drivers
v0x560ab60b5780_0 .net "y__h2118", 7 0, L_0x560ab60d49a0;  1 drivers
v0x560ab60b5860_0 .net "y__h2252", 7 0, L_0x560ab60d4d60;  1 drivers
E_0x560ab5fd2bd0 .event negedge, v0x560ab6022580_0;
L_0x560ab60ceb20 .cmp/eq 16, v0x560ab60b0a00_0, L_0x7f0daa5e3330;
L_0x560ab60cebc0 .cmp/eq 16, v0x560ab60b4e40_0, L_0x7f0daa5e3378;
L_0x560ab60cefb0 .cmp/gt 16, v0x560ab60b0a00_0, L_0x7f0daa5e33c0;
L_0x560ab60cf270 .cmp/gt 16, v0x560ab60b0a00_0, L_0x7f0daa5e3408;
L_0x560ab60cf4a0 .cmp/eq 16, v0x560ab60b37f0_0, L_0x7f0daa5e3450;
L_0x560ab60cf590 .functor MUXZ 16, L_0x560ab60d33c0, L_0x560ab60d3010, L_0x560ab60cf4a0, C4<>;
L_0x560ab60cf6c0 .cmp/eq 16, v0x560ab60b37f0_0, L_0x7f0daa5e3498;
L_0x560ab60cf830 .functor MUXZ 16, L_0x560ab60d31c0, L_0x7f0daa5e34e0, L_0x560ab60cf6c0, C4<>;
L_0x560ab60cf9c0 .functor MUXZ 16, L_0x560ab60cf590, L_0x560ab60d33c0, L_0x560ab60cecb0, C4<>;
L_0x560ab60cfc60 .cmp/gt 8, v0x560ab60aaf00_0, v0x560ab60ad160_0;
L_0x560ab60cfd60 .arith/sub 8, L_0x560ab60d3670, L_0x560ab60d42b0;
L_0x560ab60cfed0 .functor MUXZ 8, L_0x560ab60cfd60, L_0x7f0daa5e3528, L_0x560ab60cfc60, C4<>;
L_0x560ab60d0100 .cmp/gt 8, v0x560ab609eb80_0, v0x560ab60a06f0_0;
L_0x560ab60d01a0 .arith/sub 8, L_0x560ab60d3550, L_0x560ab60d4640;
L_0x560ab60d0390 .functor MUXZ 8, L_0x560ab60d01a0, L_0x7f0daa5e3570, L_0x560ab60d0100, C4<>;
L_0x560ab60d0550 .arith/sum 8, L_0x560ab60d3670, L_0x560ab60d42b0;
L_0x560ab60d06d0 .arith/sum 8, L_0x560ab60d3550, L_0x560ab60d4640;
L_0x560ab60d08a0 .functor MUXZ 16, L_0x560ab60cf830, L_0x560ab60d31c0, L_0x560ab60cecb0, C4<>;
L_0x560ab60d0aa0 .arith/sum 16, v0x560ab60b4e40_0, L_0x7f0daa5e35b8;
L_0x560ab60d0fe0 .arith/sum 16, v0x560ab60b0a00_0, L_0x7f0daa5e39a8;
L_0x560ab60d0940 .arith/sum 16, v0x560ab60b0a00_0, L_0x7f0daa5e39f0;
L_0x560ab60d17a0 .arith/sum 16, v0x560ab60b0a00_0, L_0x7f0daa5e3a38;
L_0x560ab60d2070 .cmp/gt 8, v0x560ab60b1e30_0, v0x560ab60b2010_0;
L_0x560ab60d2110 .arith/sub 8, L_0x560ab60d3ee0, L_0x560ab60d4d60;
L_0x560ab60d22f0 .functor MUXZ 8, L_0x560ab60d2110, L_0x7f0daa5e3d08, L_0x560ab60d2070, C4<>;
L_0x560ab60d2480 .arith/sum 8, L_0x560ab60d3ee0, L_0x560ab60d4d60;
L_0x560ab60d26a0 .cmp/gt 8, v0x560ab60b2f60_0, v0x560ab60b3140_0;
L_0x560ab60d2740 .arith/sub 8, L_0x560ab60d3b60, L_0x560ab60d49a0;
L_0x560ab60d28d0 .functor MUXZ 8, L_0x560ab60d2740, L_0x7f0daa5e3d50, L_0x560ab60d26a0, C4<>;
L_0x560ab60d2a60 .arith/sum 8, L_0x560ab60d3b60, L_0x560ab60d49a0;
L_0x560ab60d3010 .arith/sum 16, v0x560ab60b0a00_0, L_0x7f0daa5e3d98;
L_0x560ab60d31c0 .arith/sum 16, v0x560ab60b37f0_0, L_0x7f0daa5e3de0;
L_0x560ab60d33c0 .arith/sum 16, v0x560ab60b0a00_0, L_0x7f0daa5e3e28;
L_0x560ab60d34b0 .part v0x560ab60ad160_0, 1, 7;
L_0x560ab60d3670 .concat [ 7 1 0 0], L_0x560ab60d34b0, L_0x7f0daa5e3e70;
L_0x560ab60d3760 .part v0x560ab60a06f0_0, 1, 7;
L_0x560ab60d3550 .concat [ 7 1 0 0], L_0x560ab60d3760, L_0x7f0daa5e3eb8;
L_0x560ab60d3930 .part v0x560ab60b3140_0, 1, 7;
L_0x560ab60d3b60 .concat [ 7 1 0 0], L_0x560ab60d3930, L_0x7f0daa5e3f00;
L_0x560ab60d3ca0 .part v0x560ab60b2010_0, 1, 7;
L_0x560ab60d3ee0 .concat [ 7 1 0 0], L_0x560ab60d3ca0, L_0x7f0daa5e3f48;
L_0x560ab60d4020 .part v0x560ab60aaf00_0, 1, 7;
L_0x560ab60d42b0 .concat [ 7 1 0 0], L_0x560ab60d4020, L_0x7f0daa5e3f90;
L_0x560ab60d43a0 .part v0x560ab609eb80_0, 1, 7;
L_0x560ab60d4640 .concat [ 7 1 0 0], L_0x560ab60d43a0, L_0x7f0daa5e3fd8;
L_0x560ab60d4730 .part v0x560ab60b2f60_0, 1, 7;
L_0x560ab60d49a0 .concat [ 7 1 0 0], L_0x560ab60d4730, L_0x7f0daa5e4020;
L_0x560ab60d4ae0 .part v0x560ab60b1e30_0, 1, 7;
L_0x560ab60d4d60 .concat [ 7 1 0 0], L_0x560ab60d4ae0, L_0x7f0daa5e4068;
S_0x560ab6059ac0 .scope module, "c_fifo_0" "FIFO2" 3 156, 4 51 0, S_0x560ab607dad0;
 .timescale 0 0;
    .port_info 0 /INPUT 1 "CLK"
    .port_info 1 /INPUT 1 "RST"
    .port_info 2 /INPUT 8 "D_IN"
    .port_info 3 /INPUT 1 "ENQ"
    .port_info 4 /OUTPUT 1 "FULL_N"
    .port_info 5 /OUTPUT 8 "D_OUT"
    .port_info 6 /INPUT 1 "DEQ"
    .port_info 7 /OUTPUT 1 "EMPTY_N"
    .port_info 8 /INPUT 1 "CLR"
P_0x560ab603bcd0 .param/l "guarded" 0 4 62, C4<00000000000000000000000000000001>;
P_0x560ab603bd10 .param/l "width" 0 4 61, C4<00000000000000000000000000001000>;
L_0x560ab5fdc950 .functor BUFZ 1, v0x560ab609ee00_0, C4<0>, C4<0>, C4<0>;
L_0x560ab5fe3a60 .functor BUFZ 1, v0x560ab609ed40_0, C4<0>, C4<0>, C4<0>;
L_0x560ab5fd1770 .functor AND 1, L_0x560ab60d0d20, L_0x560ab60b60e0, C4<1>, C4<1>;
L_0x560ab5fd1660 .functor AND 1, L_0x560ab60d0d20, L_0x560ab60d0eb0, C4<1>, C4<1>;
L_0x560ab607bdf0 .functor AND 1, L_0x560ab5fd1660, v0x560ab609ee00_0, C4<1>, C4<1>;
L_0x560ab607be60 .functor OR 1, L_0x560ab5fd1770, L_0x560ab607bdf0, C4<0>, C4<0>;
L_0x560ab60b6510 .functor AND 1, L_0x560ab60d0eb0, L_0x560ab60b6470, C4<1>, C4<1>;
L_0x560ab60b6790 .functor AND 1, L_0x560ab60b6620, L_0x560ab60b66c0, C4<1>, C4<1>;
L_0x560ab60b68a0 .functor AND 1, L_0x560ab60b6800, v0x560ab609ed40_0, C4<1>, C4<1>;
L_0x560ab60b69c0 .functor OR 1, L_0x560ab60b6790, L_0x560ab60b68a0, C4<0>, C4<0>;
L_0x560ab60b6b60 .functor AND 1, L_0x560ab60b6a80, v0x560ab609ee00_0, C4<1>, C4<1>;
L_0x560ab60b6c90 .functor OR 1, L_0x560ab60b69c0, L_0x560ab60b6b60, C4<0>, C4<0>;
L_0x560ab60b6d50 .functor AND 1, L_0x560ab60d0d20, v0x560ab609ed40_0, C4<1>, C4<1>;
v0x560ab6022580_0 .net "CLK", 0 0, v0x560ab60b59a0_0;  alias, 1 drivers
v0x560ab6017aa0_0 .net "CLR", 0 0, L_0x7f0daa5e3600;  alias, 1 drivers
v0x560ab6018560_0 .net "DEQ", 0 0, L_0x560ab60d0eb0;  alias, 1 drivers
v0x560ab603bdf0_0 .net "D_IN", 7 0, L_0x560ab60d0830;  alias, 1 drivers
v0x560ab607c000_0 .net "D_OUT", 7 0, v0x560ab609eb80_0;  alias, 1 drivers
v0x560ab609dbc0_0 .net "EMPTY_N", 0 0, L_0x560ab5fe3a60;  alias, 1 drivers
v0x560ab609dc80_0 .net "ENQ", 0 0, L_0x560ab60d0d20;  alias, 1 drivers
v0x560ab609dd40_0 .net "FULL_N", 0 0, L_0x560ab5fdc950;  alias, 1 drivers
v0x560ab609de00_0 .net "RST", 0 0, v0x560ab60b5a40_0;  alias, 1 drivers
v0x560ab609dec0_0 .net *"_s10", 0 0, L_0x560ab5fd1660;  1 drivers
v0x560ab609df80_0 .net *"_s12", 0 0, L_0x560ab607bdf0;  1 drivers
v0x560ab609e040_0 .net *"_s17", 0 0, L_0x560ab60b6470;  1 drivers
v0x560ab609e100_0 .net *"_s21", 0 0, L_0x560ab60b6620;  1 drivers
v0x560ab609e1c0_0 .net *"_s23", 0 0, L_0x560ab60b66c0;  1 drivers
v0x560ab609e280_0 .net *"_s24", 0 0, L_0x560ab60b6790;  1 drivers
v0x560ab609e340_0 .net *"_s27", 0 0, L_0x560ab60b6800;  1 drivers
v0x560ab609e400_0 .net *"_s28", 0 0, L_0x560ab60b68a0;  1 drivers
v0x560ab609e4c0_0 .net *"_s30", 0 0, L_0x560ab60b69c0;  1 drivers
v0x560ab609e580_0 .net *"_s33", 0 0, L_0x560ab60b6a80;  1 drivers
v0x560ab609e640_0 .net *"_s34", 0 0, L_0x560ab60b6b60;  1 drivers
v0x560ab609e700_0 .net *"_s7", 0 0, L_0x560ab60b60e0;  1 drivers
v0x560ab609e7c0_0 .net *"_s8", 0 0, L_0x560ab5fd1770;  1 drivers
v0x560ab609e880_0 .net "d0d1", 0 0, L_0x560ab60b6510;  1 drivers
v0x560ab609e940_0 .net "d0di", 0 0, L_0x560ab607be60;  1 drivers
v0x560ab609ea00_0 .net "d0h", 0 0, L_0x560ab60b6c90;  1 drivers
v0x560ab609eac0_0 .net "d1di", 0 0, L_0x560ab60b6d50;  1 drivers
v0x560ab609eb80_0 .var "data0_reg", 7 0;
v0x560ab609ec60_0 .var "data1_reg", 7 0;
v0x560ab609ed40_0 .var "empty_reg", 0 0;
v0x560ab609ee00_0 .var "full_reg", 0 0;
E_0x560ab5fd2fa0 .event posedge, v0x560ab6022580_0;
L_0x560ab60b60e0 .reduce/nor v0x560ab609ed40_0;
L_0x560ab60b6470 .reduce/nor v0x560ab609ee00_0;
L_0x560ab60b6620 .reduce/nor L_0x560ab60d0eb0;
L_0x560ab60b66c0 .reduce/nor L_0x560ab60d0d20;
L_0x560ab60b6800 .reduce/nor L_0x560ab60d0eb0;
L_0x560ab60b6a80 .reduce/nor L_0x560ab60d0d20;
S_0x560ab6049140 .scope begin, "error_checks" "error_checks" 4 155, 4 155 0, S_0x560ab6059ac0;
 .timescale 0 0;
v0x560ab60204c0_0 .var "deqerror", 0 0;
v0x560ab6020f80_0 .var "enqerror", 0 0;
S_0x560ab604f450 .scope module, "c_fifo_1" "FIFO2" 3 167, 4 51 0, S_0x560ab607dad0;
 .timescale 0 0;
    .port_info 0 /INPUT 1 "CLK"
    .port_info 1 /INPUT 1 "RST"
    .port_info 2 /INPUT 8 "D_IN"
    .port_info 3 /INPUT 1 "ENQ"
    .port_info 4 /OUTPUT 1 "FULL_N"
    .port_info 5 /OUTPUT 8 "D_OUT"
    .port_info 6 /INPUT 1 "DEQ"
    .port_info 7 /OUTPUT 1 "EMPTY_N"
    .port_info 8 /INPUT 1 "CLR"
P_0x560ab6073fc0 .param/l "guarded" 0 4 62, C4<00000000000000000000000000000001>;
P_0x560ab6074000 .param/l "width" 0 4 61, C4<00000000000000000000000000001000>;
L_0x560ab60b6c20 .functor BUFZ 1, v0x560ab60a0970_0, C4<0>, C4<0>, C4<0>;
L_0x560ab60b6ed0 .functor BUFZ 1, v0x560ab60a08b0_0, C4<0>, C4<0>, C4<0>;
L_0x560ab60b7140 .functor AND 1, L_0x560ab60d1080, L_0x560ab60b7050, C4<1>, C4<1>;
L_0x560ab60b7280 .functor AND 1, L_0x560ab60d1080, L_0x560ab60d1200, C4<1>, C4<1>;
L_0x560ab60b7340 .functor AND 1, L_0x560ab60b7280, v0x560ab60a0970_0, C4<1>, C4<1>;
L_0x560ab60b7490 .functor OR 1, L_0x560ab60b7140, L_0x560ab60b7340, C4<0>, C4<0>;
L_0x560ab60b7640 .functor AND 1, L_0x560ab60d1200, L_0x560ab60b75a0, C4<1>, C4<1>;
L_0x560ab60b79e0 .functor AND 1, L_0x560ab60b7750, L_0x560ab60b7880, C4<1>, C4<1>;
L_0x560ab60b7af0 .functor AND 1, L_0x560ab60b7a50, v0x560ab60a08b0_0, C4<1>, C4<1>;
L_0x560ab60b7bb0 .functor OR 1, L_0x560ab60b79e0, L_0x560ab60b7af0, C4<0>, C4<0>;
L_0x560ab60b7d50 .functor AND 1, L_0x560ab60b7c70, v0x560ab60a0970_0, C4<1>, C4<1>;
L_0x560ab60b7f10 .functor OR 1, L_0x560ab60b7bb0, L_0x560ab60b7d50, C4<0>, C4<0>;
L_0x560ab60b7fd0 .functor AND 1, L_0x560ab60d1080, v0x560ab60a08b0_0, C4<1>, C4<1>;
v0x560ab609f330_0 .net "CLK", 0 0, v0x560ab60b59a0_0;  alias, 1 drivers
v0x560ab609f3f0_0 .net "CLR", 0 0, L_0x7f0daa5e3648;  alias, 1 drivers
v0x560ab609f490_0 .net "DEQ", 0 0, L_0x560ab60d1200;  alias, 1 drivers
v0x560ab609f560_0 .net "D_IN", 7 0, L_0x560ab60d0f20;  alias, 1 drivers
v0x560ab609f640_0 .net "D_OUT", 7 0, v0x560ab60a06f0_0;  alias, 1 drivers
v0x560ab609f770_0 .net "EMPTY_N", 0 0, L_0x560ab60b6ed0;  alias, 1 drivers
v0x560ab609f830_0 .net "ENQ", 0 0, L_0x560ab60d1080;  alias, 1 drivers
v0x560ab609f8f0_0 .net "FULL_N", 0 0, L_0x560ab60b6c20;  alias, 1 drivers
v0x560ab609f9b0_0 .net "RST", 0 0, v0x560ab60b5a40_0;  alias, 1 drivers
v0x560ab609fa50_0 .net *"_s10", 0 0, L_0x560ab60b7280;  1 drivers
v0x560ab609faf0_0 .net *"_s12", 0 0, L_0x560ab60b7340;  1 drivers
v0x560ab609fbb0_0 .net *"_s17", 0 0, L_0x560ab60b75a0;  1 drivers
v0x560ab609fc70_0 .net *"_s21", 0 0, L_0x560ab60b7750;  1 drivers
v0x560ab609fd30_0 .net *"_s23", 0 0, L_0x560ab60b7880;  1 drivers
v0x560ab609fdf0_0 .net *"_s24", 0 0, L_0x560ab60b79e0;  1 drivers
v0x560ab609feb0_0 .net *"_s27", 0 0, L_0x560ab60b7a50;  1 drivers
v0x560ab609ff70_0 .net *"_s28", 0 0, L_0x560ab60b7af0;  1 drivers
v0x560ab60a0030_0 .net *"_s30", 0 0, L_0x560ab60b7bb0;  1 drivers
v0x560ab60a00f0_0 .net *"_s33", 0 0, L_0x560ab60b7c70;  1 drivers
v0x560ab60a01b0_0 .net *"_s34", 0 0, L_0x560ab60b7d50;  1 drivers
v0x560ab60a0270_0 .net *"_s7", 0 0, L_0x560ab60b7050;  1 drivers
v0x560ab60a0330_0 .net *"_s8", 0 0, L_0x560ab60b7140;  1 drivers
v0x560ab60a03f0_0 .net "d0d1", 0 0, L_0x560ab60b7640;  1 drivers
v0x560ab60a04b0_0 .net "d0di", 0 0, L_0x560ab60b7490;  1 drivers
v0x560ab60a0570_0 .net "d0h", 0 0, L_0x560ab60b7f10;  1 drivers
v0x560ab60a0630_0 .net "d1di", 0 0, L_0x560ab60b7fd0;  1 drivers
v0x560ab60a06f0_0 .var "data0_reg", 7 0;
v0x560ab60a07d0_0 .var "data1_reg", 7 0;
v0x560ab60a08b0_0 .var "empty_reg", 0 0;
v0x560ab60a0970_0 .var "full_reg", 0 0;
L_0x560ab60b7050 .reduce/nor v0x560ab60a08b0_0;
L_0x560ab60b75a0 .reduce/nor v0x560ab60a0970_0;
L_0x560ab60b7750 .reduce/nor L_0x560ab60d1200;
L_0x560ab60b7880 .reduce/nor L_0x560ab60d1080;
L_0x560ab60b7a50 .reduce/nor L_0x560ab60d1200;
L_0x560ab60b7c70 .reduce/nor L_0x560ab60d1080;
S_0x560ab604fb80 .scope begin, "error_checks" "error_checks" 4 155, 4 155 0, S_0x560ab604f450;
 .timescale 0 0;
v0x560ab609f190_0 .var "deqerror", 0 0;
v0x560ab609f270_0 .var "enqerror", 0 0;
S_0x560ab6051b00 .scope module, "c_fifo_h0" "FIFO2" 3 178, 4 51 0, S_0x560ab607dad0;
 .timescale 0 0;
    .port_info 0 /INPUT 1 "CLK"
    .port_info 1 /INPUT 1 "RST"
    .port_info 2 /INPUT 8 "D_IN"
    .port_info 3 /INPUT 1 "ENQ"
    .port_info 4 /OUTPUT 1 "FULL_N"
    .port_info 5 /OUTPUT 8 "D_OUT"
    .port_info 6 /INPUT 1 "DEQ"
    .port_info 7 /OUTPUT 1 "EMPTY_N"
    .port_info 8 /INPUT 1 "CLR"
P_0x560ab607ae80 .param/l "guarded" 0 4 62, C4<00000000000000000000000000000001>;
P_0x560ab607aec0 .param/l "width" 0 4 61, C4<00000000000000000000000000001000>;
L_0x560ab60b7ea0 .functor BUFZ 1, v0x560ab60a26d0_0, C4<0>, C4<0>, C4<0>;
L_0x560ab60b8150 .functor BUFZ 1, v0x560ab60a2610_0, C4<0>, C4<0>, C4<0>;
L_0x560ab60b81c0 .functor BUFZ 8, v0x560ab60a2450_0, C4<00000000>, C4<00000000>, C4<00000000>;
L_0x560ab60b8330 .functor AND 1, L_0x7f0daa5e36d8, L_0x560ab60b8260, C4<1>, C4<1>;
L_0x560ab60b8470 .functor AND 1, L_0x7f0daa5e36d8, L_0x7f0daa5e3720, C4<1>, C4<1>;
L_0x560ab60b8530 .functor AND 1, L_0x560ab60b8470, v0x560ab60a26d0_0, C4<1>, C4<1>;
L_0x560ab60b8680 .functor OR 1, L_0x560ab60b8330, L_0x560ab60b8530, C4<0>, C4<0>;
L_0x560ab60b8830 .functor AND 1, L_0x7f0daa5e3720, L_0x560ab60b8790, C4<1>, C4<1>;
L_0x560ab60b8bd0 .functor AND 1, L_0x560ab60b8940, L_0x560ab60b8a70, C4<1>, C4<1>;
L_0x560ab60b8ce0 .functor AND 1, L_0x560ab60b8c40, v0x560ab60a2610_0, C4<1>, C4<1>;
L_0x560ab60b8da0 .functor OR 1, L_0x560ab60b8bd0, L_0x560ab60b8ce0, C4<0>, C4<0>;
L_0x560ab60b8f40 .functor AND 1, L_0x560ab60b8e60, v0x560ab60a26d0_0, C4<1>, C4<1>;
L_0x560ab60b9100 .functor OR 1, L_0x560ab60b8da0, L_0x560ab60b8f40, C4<0>, C4<0>;
L_0x560ab60b91c0 .functor AND 1, L_0x7f0daa5e36d8, v0x560ab60a2610_0, C4<1>, C4<1>;
v0x560ab60a1030_0 .net "CLK", 0 0, v0x560ab60b59a0_0;  alias, 1 drivers
v0x560ab60a1140_0 .net "CLR", 0 0, L_0x7f0daa5e3768;  alias, 1 drivers
v0x560ab60a1200_0 .net "DEQ", 0 0, L_0x7f0daa5e3720;  alias, 1 drivers
v0x560ab60a12a0_0 .net "D_IN", 7 0, L_0x7f0daa5e3690;  alias, 1 drivers
v0x560ab60a1380_0 .net "D_OUT", 7 0, L_0x560ab60b81c0;  1 drivers
v0x560ab60a14b0_0 .net "EMPTY_N", 0 0, L_0x560ab60b8150;  1 drivers
v0x560ab60a1570_0 .net "ENQ", 0 0, L_0x7f0daa5e36d8;  alias, 1 drivers
v0x560ab60a1630_0 .net "FULL_N", 0 0, L_0x560ab60b7ea0;  1 drivers
v0x560ab60a16f0_0 .net "RST", 0 0, v0x560ab60b5a40_0;  alias, 1 drivers
v0x560ab60a1790_0 .net *"_s10", 0 0, L_0x560ab60b8470;  1 drivers
v0x560ab60a1850_0 .net *"_s12", 0 0, L_0x560ab60b8530;  1 drivers
v0x560ab60a1910_0 .net *"_s17", 0 0, L_0x560ab60b8790;  1 drivers
v0x560ab60a19d0_0 .net *"_s21", 0 0, L_0x560ab60b8940;  1 drivers
v0x560ab60a1a90_0 .net *"_s23", 0 0, L_0x560ab60b8a70;  1 drivers
v0x560ab60a1b50_0 .net *"_s24", 0 0, L_0x560ab60b8bd0;  1 drivers
v0x560ab60a1c10_0 .net *"_s27", 0 0, L_0x560ab60b8c40;  1 drivers
v0x560ab60a1cd0_0 .net *"_s28", 0 0, L_0x560ab60b8ce0;  1 drivers
v0x560ab60a1d90_0 .net *"_s30", 0 0, L_0x560ab60b8da0;  1 drivers
v0x560ab60a1e50_0 .net *"_s33", 0 0, L_0x560ab60b8e60;  1 drivers
v0x560ab60a1f10_0 .net *"_s34", 0 0, L_0x560ab60b8f40;  1 drivers
v0x560ab60a1fd0_0 .net *"_s7", 0 0, L_0x560ab60b8260;  1 drivers
v0x560ab60a2090_0 .net *"_s8", 0 0, L_0x560ab60b8330;  1 drivers
v0x560ab60a2150_0 .net "d0d1", 0 0, L_0x560ab60b8830;  1 drivers
v0x560ab60a2210_0 .net "d0di", 0 0, L_0x560ab60b8680;  1 drivers
v0x560ab60a22d0_0 .net "d0h", 0 0, L_0x560ab60b9100;  1 drivers
v0x560ab60a2390_0 .net "d1di", 0 0, L_0x560ab60b91c0;  1 drivers
v0x560ab60a2450_0 .var "data0_reg", 7 0;
v0x560ab60a2530_0 .var "data1_reg", 7 0;
v0x560ab60a2610_0 .var "empty_reg", 0 0;
v0x560ab60a26d0_0 .var "full_reg", 0 0;
L_0x560ab60b8260 .reduce/nor v0x560ab60a2610_0;
L_0x560ab60b8790 .reduce/nor v0x560ab60a26d0_0;
L_0x560ab60b8940 .reduce/nor L_0x7f0daa5e3720;
L_0x560ab60b8a70 .reduce/nor L_0x7f0daa5e36d8;
L_0x560ab60b8c40 .reduce/nor L_0x7f0daa5e3720;
L_0x560ab60b8e60 .reduce/nor L_0x7f0daa5e36d8;
S_0x560ab60578d0 .scope begin, "error_checks" "error_checks" 4 155, 4 155 0, S_0x560ab6051b00;
 .timescale 0 0;
v0x560ab60a0e90_0 .var "deqerror", 0 0;
v0x560ab60a0f70_0 .var "enqerror", 0 0;
S_0x560ab606df20 .scope module, "c_fifo_h1" "FIFO2" 3 189, 4 51 0, S_0x560ab607dad0;
 .timescale 0 0;
    .port_info 0 /INPUT 1 "CLK"
    .port_info 1 /INPUT 1 "RST"
    .port_info 2 /INPUT 8 "D_IN"
    .port_info 3 /INPUT 1 "ENQ"
    .port_info 4 /OUTPUT 1 "FULL_N"
    .port_info 5 /OUTPUT 8 "D_OUT"
    .port_info 6 /INPUT 1 "DEQ"
    .port_info 7 /OUTPUT 1 "EMPTY_N"
    .port_info 8 /INPUT 1 "CLR"
P_0x560ab60a0bd0 .param/l "guarded" 0 4 62, C4<00000000000000000000000000000001>;
P_0x560ab60a0c10 .param/l "width" 0 4 61, C4<00000000000000000000000000001000>;
L_0x560ab60b9090 .functor BUFZ 1, v0x560ab60a4500_0, C4<0>, C4<0>, C4<0>;
L_0x560ab60b9340 .functor BUFZ 1, v0x560ab60a4440_0, C4<0>, C4<0>, C4<0>;
L_0x560ab60b93e0 .functor BUFZ 8, v0x560ab60a4280_0, C4<00000000>, C4<00000000>, C4<00000000>;
L_0x560ab60b9580 .functor AND 1, L_0x7f0daa5e37f8, L_0x560ab60b94b0, C4<1>, C4<1>;
L_0x560ab60b96c0 .functor AND 1, L_0x7f0daa5e37f8, L_0x7f0daa5e3840, C4<1>, C4<1>;
L_0x560ab60b9780 .functor AND 1, L_0x560ab60b96c0, v0x560ab60a4500_0, C4<1>, C4<1>;
L_0x560ab60b98d0 .functor OR 1, L_0x560ab60b9580, L_0x560ab60b9780, C4<0>, C4<0>;
L_0x560ab60b9a80 .functor AND 1, L_0x7f0daa5e3840, L_0x560ab60b99e0, C4<1>, C4<1>;
L_0x560ab60b9e20 .functor AND 1, L_0x560ab60b9b90, L_0x560ab60b9cc0, C4<1>, C4<1>;
L_0x560ab60b9f30 .functor AND 1, L_0x560ab60b9e90, v0x560ab60a4440_0, C4<1>, C4<1>;
L_0x560ab60b9ff0 .functor OR 1, L_0x560ab60b9e20, L_0x560ab60b9f30, C4<0>, C4<0>;
L_0x560ab60ba190 .functor AND 1, L_0x560ab60ba0b0, v0x560ab60a4500_0, C4<1>, C4<1>;
L_0x560ab60ba350 .functor OR 1, L_0x560ab60b9ff0, L_0x560ab60ba190, C4<0>, C4<0>;
L_0x560ab60ba410 .functor AND 1, L_0x7f0daa5e37f8, v0x560ab60a4440_0, C4<1>, C4<1>;
v0x560ab60a2d70_0 .net "CLK", 0 0, v0x560ab60b59a0_0;  alias, 1 drivers
v0x560ab60a2e30_0 .net "CLR", 0 0, L_0x7f0daa5e3888;  alias, 1 drivers
v0x560ab60a2ef0_0 .net "DEQ", 0 0, L_0x7f0daa5e3840;  alias, 1 drivers
v0x560ab60a2fc0_0 .net "D_IN", 7 0, L_0x7f0daa5e37b0;  alias, 1 drivers
v0x560ab60a30a0_0 .net "D_OUT", 7 0, L_0x560ab60b93e0;  1 drivers
v0x560ab60a31d0_0 .net "EMPTY_N", 0 0, L_0x560ab60b9340;  1 drivers
v0x560ab60a3290_0 .net "ENQ", 0 0, L_0x7f0daa5e37f8;  alias, 1 drivers
v0x560ab60a3350_0 .net "FULL_N", 0 0, L_0x560ab60b9090;  1 drivers
v0x560ab60a3410_0 .net "RST", 0 0, v0x560ab60b5a40_0;  alias, 1 drivers
v0x560ab60a34b0_0 .net *"_s10", 0 0, L_0x560ab60b96c0;  1 drivers
v0x560ab60a3570_0 .net *"_s12", 0 0, L_0x560ab60b9780;  1 drivers
v0x560ab60a3630_0 .net *"_s17", 0 0, L_0x560ab60b99e0;  1 drivers
v0x560ab60a36f0_0 .net *"_s21", 0 0, L_0x560ab60b9b90;  1 drivers
v0x560ab60a37b0_0 .net *"_s23", 0 0, L_0x560ab60b9cc0;  1 drivers
v0x560ab60a3870_0 .net *"_s24", 0 0, L_0x560ab60b9e20;  1 drivers
v0x560ab60a3930_0 .net *"_s27", 0 0, L_0x560ab60b9e90;  1 drivers
v0x560ab60a39f0_0 .net *"_s28", 0 0, L_0x560ab60b9f30;  1 drivers
v0x560ab60a3bc0_0 .net *"_s30", 0 0, L_0x560ab60b9ff0;  1 drivers
v0x560ab60a3c80_0 .net *"_s33", 0 0, L_0x560ab60ba0b0;  1 drivers
v0x560ab60a3d40_0 .net *"_s34", 0 0, L_0x560ab60ba190;  1 drivers
v0x560ab60a3e00_0 .net *"_s7", 0 0, L_0x560ab60b94b0;  1 drivers
v0x560ab60a3ec0_0 .net *"_s8", 0 0, L_0x560ab60b9580;  1 drivers
v0x560ab60a3f80_0 .net "d0d1", 0 0, L_0x560ab60b9a80;  1 drivers
v0x560ab60a4040_0 .net "d0di", 0 0, L_0x560ab60b98d0;  1 drivers
v0x560ab60a4100_0 .net "d0h", 0 0, L_0x560ab60ba350;  1 drivers
v0x560ab60a41c0_0 .net "d1di", 0 0, L_0x560ab60ba410;  1 drivers
v0x560ab60a4280_0 .var "data0_reg", 7 0;
v0x560ab60a4360_0 .var "data1_reg", 7 0;
v0x560ab60a4440_0 .var "empty_reg", 0 0;
v0x560ab60a4500_0 .var "full_reg", 0 0;
L_0x560ab60b94b0 .reduce/nor v0x560ab60a4440_0;
L_0x560ab60b99e0 .reduce/nor v0x560ab60a4500_0;
L_0x560ab60b9b90 .reduce/nor L_0x7f0daa5e3840;
L_0x560ab60b9cc0 .reduce/nor L_0x7f0daa5e37f8;
L_0x560ab60b9e90 .reduce/nor L_0x7f0daa5e3840;
L_0x560ab60ba0b0 .reduce/nor L_0x7f0daa5e37f8;
S_0x560ab6058ed0 .scope begin, "error_checks" "error_checks" 4 155, 4 155 0, S_0x560ab606df20;
 .timescale 0 0;
v0x560ab60a2bd0_0 .var "deqerror", 0 0;
v0x560ab60a2cb0_0 .var "enqerror", 0 0;
S_0x560ab60a46e0 .scope module, "high_pass" "mkHP" 3 200, 5 35 0, S_0x560ab607dad0;
 .timescale 0 0;
    .port_info 0 /INPUT 1 "CLK"
    .port_info 1 /INPUT 1 "RST_N"
    .port_info 2 /INPUT 16 "input_two_value_value"
    .port_info 3 /INPUT 1 "EN_input_two_value"
    .port_info 4 /OUTPUT 1 "RDY_input_two_value"
    .port_info 5 /INPUT 1 "EN_h_0"
    .port_info 6 /OUTPUT 8 "h_0"
    .port_info 7 /OUTPUT 1 "RDY_h_0"
L_0x560ab60ba2e0 .functor BUFZ 8, v0x560ab60a58f0_0, C4<00000000>, C4<00000000>, C4<00000000>;
L_0x560ab60ba9e0 .functor BUFZ 1, L_0x7f0daa5e3918, C4<0>, C4<0>, C4<0>;
v0x560ab60a4900_0 .net "CLK", 0 0, v0x560ab60b59a0_0;  alias, 1 drivers
v0x560ab60a49c0_0 .net "EN_h_0", 0 0, L_0x7f0daa5e3960;  alias, 1 drivers
v0x560ab60a4a80_0 .net "EN_input_two_value", 0 0, L_0x7f0daa5e3918;  alias, 1 drivers
L_0x7f0daa5e3060 .functor BUFT 1, C4<1>, C4<0>, C4<0>, C4<0>;
v0x560ab60a4b20_0 .net "RDY_h_0", 0 0, L_0x7f0daa5e3060;  1 drivers
L_0x7f0daa5e3018 .functor BUFT 1, C4<1>, C4<0>, C4<0>, C4<0>;
v0x560ab60a4be0_0 .net "RDY_input_two_value", 0 0, L_0x7f0daa5e3018;  1 drivers
v0x560ab60a4ca0_0 .net "RST_N", 0 0, v0x560ab60b5a40_0;  alias, 1 drivers
v0x560ab60a4dd0_0 .net *"_s10", 0 0, L_0x560ab60ba6d0;  1 drivers
L_0x7f0daa5e30a8 .functor BUFT 1, C4<00000000>, C4<0>, C4<0>, C4<0>;
v0x560ab60a4e90_0 .net/2u *"_s12", 7 0, L_0x7f0daa5e30a8;  1 drivers
v0x560ab60a4f70_0 .net *"_s19", 7 0, L_0x560ab60baaa0;  1 drivers
v0x560ab60a50e0_0 .net *"_s21", 7 0, L_0x560ab60babd0;  1 drivers
v0x560ab60a51c0_0 .net *"_s22", 7 0, L_0x560ab60bace0;  1 drivers
v0x560ab60a52a0_0 .net *"_s26", 6 0, L_0x560ab60bae40;  1 drivers
L_0x7f0daa5e30f0 .functor BUFT 1, C4<0>, C4<0>, C4<0>, C4<0>;
v0x560ab60a5380_0 .net *"_s28", 0 0, L_0x7f0daa5e30f0;  1 drivers
v0x560ab60a5460_0 .net *"_s7", 7 0, L_0x560ab60ba590;  1 drivers
v0x560ab60a5540_0 .net *"_s9", 7 0, L_0x560ab60ba630;  1 drivers
v0x560ab60a5620_0 .net "h_0", 7 0, L_0x560ab60ba2e0;  1 drivers
v0x560ab60a5700_0 .net "input_two_value_value", 15 0, L_0x7f0daa5e38d0;  alias, 1 drivers
v0x560ab60a58f0_0 .var "out", 7 0;
v0x560ab60a59d0_0 .net "out$D_IN", 7 0, L_0x560ab60ba840;  1 drivers
v0x560ab60a5ab0_0 .net "out$EN", 0 0, L_0x560ab60ba9e0;  1 drivers
v0x560ab60a5b70_0 .net "x__h127", 7 0, L_0x560ab60baf80;  1 drivers
L_0x560ab60ba590 .part L_0x7f0daa5e38d0, 0, 8;
L_0x560ab60ba630 .part L_0x7f0daa5e38d0, 8, 8;
L_0x560ab60ba6d0 .cmp/gt 8, L_0x560ab60ba630, L_0x560ab60ba590;
L_0x560ab60ba840 .functor MUXZ 8, L_0x560ab60baf80, L_0x7f0daa5e30a8, L_0x560ab60ba6d0, C4<>;
L_0x560ab60baaa0 .part L_0x7f0daa5e38d0, 0, 8;
L_0x560ab60babd0 .part L_0x7f0daa5e38d0, 8, 8;
L_0x560ab60bace0 .arith/sub 8, L_0x560ab60baaa0, L_0x560ab60babd0;
L_0x560ab60bae40 .part L_0x560ab60bace0, 1, 7;
L_0x560ab60baf80 .concat [ 7 1 0 0], L_0x560ab60bae40, L_0x7f0daa5e30f0;
S_0x560ab60a5d50 .scope module, "image" "RegFileLoad" 3 215, 6 37 0, S_0x560ab607dad0;
 .timescale 0 0;
    .port_info 0 /INPUT 1 "CLK"
    .port_info 1 /INPUT 16 "ADDR_IN"
    .port_info 2 /INPUT 8 "D_IN"
    .port_info 3 /INPUT 1 "WE"
    .port_info 4 /INPUT 16 "ADDR_1"
    .port_info 5 /OUTPUT 8 "D_OUT_1"
    .port_info 6 /INPUT 16 "ADDR_2"
    .port_info 7 /OUTPUT 8 "D_OUT_2"
    .port_info 8 /INPUT 16 "ADDR_3"
    .port_info 9 /OUTPUT 8 "D_OUT_3"
    .port_info 10 /INPUT 16 "ADDR_4"
    .port_info 11 /OUTPUT 8 "D_OUT_4"
    .port_info 12 /INPUT 16 "ADDR_5"
    .port_info 13 /OUTPUT 8 "D_OUT_5"
P_0x560ab607dc50 .param/l "addr_width" 0 6 46, C4<00000000000000000000000000010000>;
P_0x560ab607dc90 .param/l "binary" 0 6 50, C4<0>;
P_0x560ab607dcd0 .param/l "data_width" 0 6 47, C4<00000000000000000000000000001000>;
P_0x560ab607dd10 .param/str "file" 0 6 45, "image_text_file/lena256bw.txt";
P_0x560ab607dd50 .param/l "hi" 0 6 49, C4<1111111111111111>;
P_0x560ab607dd90 .param/l "lo" 0 6 48, C4<0000000000000000>;
L_0x560ab60bad80 .functor BUFZ 8, L_0x560ab60bb110, C4<00000000>, C4<00000000>, C4<00000000>;
L_0x560ab60bb690 .functor BUFZ 8, L_0x560ab60bb430, C4<00000000>, C4<00000000>, C4<00000000>;
L_0x560ab60bb9d0 .functor BUFZ 8, L_0x560ab60bb7a0, C4<00000000>, C4<00000000>, C4<00000000>;
L_0x560ab60bbd60 .functor BUFZ 8, L_0x560ab60bbae0, C4<00000000>, C4<00000000>, C4<00000000>;
L_0x560ab60bbf10 .functor BUFZ 8, L_0x560ab60bbe70, C4<00000000>, C4<00000000>, C4<00000000>;
v0x560ab60a65c0_0 .net "ADDR_1", 15 0, L_0x560ab60d15c0;  alias, 1 drivers
v0x560ab60a66c0_0 .net "ADDR_2", 15 0, L_0x560ab60d0fe0;  alias, 1 drivers
v0x560ab60a67a0_0 .net "ADDR_3", 15 0, L_0x560ab60d0940;  alias, 1 drivers
v0x560ab60a6860_0 .net "ADDR_4", 15 0, L_0x560ab60d17a0;  alias, 1 drivers
v0x560ab60a6940_0 .net "ADDR_5", 15 0, L_0x7f0daa5e3a80;  alias, 1 drivers
v0x560ab60a6a70_0 .net "ADDR_IN", 15 0, L_0x7f0daa5e3ac8;  alias, 1 drivers
v0x560ab60a6b50_0 .net "CLK", 0 0, v0x560ab60b59a0_0;  alias, 1 drivers
v0x560ab60a6bf0_0 .net "D_IN", 7 0, L_0x7f0daa5e3b10;  alias, 1 drivers
v0x560ab60a6cd0_0 .net "D_OUT_1", 7 0, L_0x560ab60bad80;  alias, 1 drivers
v0x560ab60a6db0_0 .net "D_OUT_2", 7 0, L_0x560ab60bb690;  alias, 1 drivers
v0x560ab60a6e90_0 .net "D_OUT_3", 7 0, L_0x560ab60bb9d0;  alias, 1 drivers
v0x560ab60a6f70_0 .net "D_OUT_4", 7 0, L_0x560ab60bbd60;  alias, 1 drivers
v0x560ab60a7050_0 .net "D_OUT_5", 7 0, L_0x560ab60bbf10;  1 drivers
v0x560ab60a7130_0 .net "WE", 0 0, L_0x7f0daa5e3b58;  alias, 1 drivers
v0x560ab60a71f0_0 .net *"_s0", 7 0, L_0x560ab60bb110;  1 drivers
v0x560ab60a72d0_0 .net *"_s10", 17 0, L_0x560ab60bb4d0;  1 drivers
L_0x7f0daa5e3180 .functor BUFT 1, C4<00>, C4<0>, C4<0>, C4<0>;
v0x560ab60a73b0_0 .net *"_s13", 1 0, L_0x7f0daa5e3180;  1 drivers
v0x560ab60a75a0_0 .net *"_s16", 7 0, L_0x560ab60bb7a0;  1 drivers
v0x560ab60a7680_0 .net *"_s18", 17 0, L_0x560ab60bb840;  1 drivers
v0x560ab60a7760_0 .net *"_s2", 17 0, L_0x560ab60bb1b0;  1 drivers
L_0x7f0daa5e31c8 .functor BUFT 1, C4<00>, C4<0>, C4<0>, C4<0>;
v0x560ab60a7840_0 .net *"_s21", 1 0, L_0x7f0daa5e31c8;  1 drivers
v0x560ab60a7920_0 .net *"_s24", 7 0, L_0x560ab60bbae0;  1 drivers
v0x560ab60a7a00_0 .net *"_s26", 17 0, L_0x560ab60bbb80;  1 drivers
L_0x7f0daa5e3210 .functor BUFT 1, C4<00>, C4<0>, C4<0>, C4<0>;
v0x560ab60a7ae0_0 .net *"_s29", 1 0, L_0x7f0daa5e3210;  1 drivers
v0x560ab60a7bc0_0 .net *"_s32", 7 0, L_0x560ab60bbe70;  1 drivers
L_0x7f0daa5e40b0 .functor BUFT 1, C4<000000000000000000>, C4<0>, C4<0>, C4<0>;
v0x560ab60a7ca0_0 .net *"_s34", 17 0, L_0x7f0daa5e40b0;  1 drivers
L_0x7f0daa5e3138 .functor BUFT 1, C4<00>, C4<0>, C4<0>, C4<0>;
v0x560ab60a7d80_0 .net *"_s5", 1 0, L_0x7f0daa5e3138;  1 drivers
v0x560ab60a7e60_0 .net *"_s8", 7 0, L_0x560ab60bb430;  1 drivers
v0x560ab60a7f40 .array "arr", 65535 0, 7 0;
L_0x560ab60bb110 .array/port v0x560ab60a7f40, L_0x560ab60bb1b0;
L_0x560ab60bb1b0 .concat [ 16 2 0 0], L_0x560ab60d15c0, L_0x7f0daa5e3138;
L_0x560ab60bb430 .array/port v0x560ab60a7f40, L_0x560ab60bb4d0;
L_0x560ab60bb4d0 .concat [ 16 2 0 0], L_0x560ab60d0fe0, L_0x7f0daa5e3180;
L_0x560ab60bb7a0 .array/port v0x560ab60a7f40, L_0x560ab60bb840;
L_0x560ab60bb840 .concat [ 16 2 0 0], L_0x560ab60d0940, L_0x7f0daa5e31c8;
L_0x560ab60bbae0 .array/port v0x560ab60a7f40, L_0x560ab60bbb80;
L_0x560ab60bbb80 .concat [ 16 2 0 0], L_0x560ab60d17a0, L_0x7f0daa5e3210;
L_0x560ab60bbe70 .array/port v0x560ab60a7f40, L_0x7f0daa5e40b0;
S_0x560ab60a6170 .scope begin, "init_rom_block" "init_rom_block" 6 76, 6 76 0, S_0x560ab60a5d50;
 .timescale 0 0;
S_0x560ab60a6310 .scope begin, "runtime_check" "runtime_check" 6 98, 6 98 0, S_0x560ab60a5d50;
 .timescale 0 0;
v0x560ab60a6500_0 .var "enable_check", 0 0;
S_0x560ab60a81c0 .scope module, "low_pass" "mkLP" 3 231, 7 35 0, S_0x560ab607dad0;
 .timescale 0 0;
    .port_info 0 /INPUT 1 "CLK"
    .port_info 1 /INPUT 1 "RST_N"
    .port_info 2 /INPUT 16 "input_two_value_value"
    .port_info 3 /INPUT 1 "EN_input_two_value"
    .port_info 4 /OUTPUT 1 "RDY_input_two_value"
    .port_info 5 /INPUT 1 "EN_h_0"
    .port_info 6 /OUTPUT 8 "h_0"
    .port_info 7 /OUTPUT 1 "RDY_h_0"
L_0x560ab60bc060 .functor BUFZ 8, v0x560ab60a8e40_0, C4<00000000>, C4<00000000>, C4<00000000>;
L_0x560ab60bc2b0 .functor BUFZ 1, L_0x7f0daa5e3be8, C4<0>, C4<0>, C4<0>;
v0x560ab60a8390_0 .net "CLK", 0 0, v0x560ab60b59a0_0;  alias, 1 drivers
v0x560ab60a8450_0 .net "EN_h_0", 0 0, L_0x7f0daa5e3c30;  alias, 1 drivers
v0x560ab60a8510_0 .net "EN_input_two_value", 0 0, L_0x7f0daa5e3be8;  alias, 1 drivers
L_0x7f0daa5e32a0 .functor BUFT 1, C4<1>, C4<0>, C4<0>, C4<0>;
v0x560ab60a85b0_0 .net "RDY_h_0", 0 0, L_0x7f0daa5e32a0;  1 drivers
L_0x7f0daa5e3258 .functor BUFT 1, C4<1>, C4<0>, C4<0>, C4<0>;
v0x560ab60a8670_0 .net "RDY_input_two_value", 0 0, L_0x7f0daa5e3258;  1 drivers
v0x560ab60a8780_0 .net "RST_N", 0 0, v0x560ab60b5a40_0;  alias, 1 drivers
v0x560ab60a8820_0 .net *"_s10", 7 0, L_0x560ab60bc210;  1 drivers
v0x560ab60a8900_0 .net *"_s14", 6 0, L_0x560ab60bc3c0;  1 drivers
L_0x7f0daa5e32e8 .functor BUFT 1, C4<0>, C4<0>, C4<0>, C4<0>;
v0x560ab60a89e0_0 .net *"_s16", 0 0, L_0x7f0daa5e32e8;  1 drivers
v0x560ab60a8ac0_0 .net *"_s7", 7 0, L_0x560ab60bc0d0;  1 drivers
v0x560ab60a8ba0_0 .net *"_s9", 7 0, L_0x560ab60bc170;  1 drivers
v0x560ab60a8c80_0 .net "h_0", 7 0, L_0x560ab60bc060;  1 drivers
v0x560ab60a8d60_0 .net "input_two_value_value", 15 0, L_0x7f0daa5e3ba0;  alias, 1 drivers
v0x560ab60a8e40_0 .var "out", 7 0;
v0x560ab60a8f20_0 .net "out$D_IN", 7 0, L_0x560ab60bc4e0;  1 drivers
v0x560ab60a9000_0 .net "out$EN", 0 0, L_0x560ab60bc2b0;  1 drivers
L_0x560ab60bc0d0 .part L_0x7f0daa5e3ba0, 0, 8;
L_0x560ab60bc170 .part L_0x7f0daa5e3ba0, 8, 8;
L_0x560ab60bc210 .arith/sum 8, L_0x560ab60bc0d0, L_0x560ab60bc170;
L_0x560ab60bc3c0 .part L_0x560ab60bc210, 1, 7;
L_0x560ab60bc4e0 .concat [ 7 1 0 0], L_0x560ab60bc3c0, L_0x7f0daa5e32e8;
S_0x560ab60a91c0 .scope module, "row_fifo_0" "FIFO2" 3 241, 4 51 0, S_0x560ab607dad0;
 .timescale 0 0;
    .port_info 0 /INPUT 1 "CLK"
    .port_info 1 /INPUT 1 "RST"
    .port_info 2 /INPUT 8 "D_IN"
    .port_info 3 /INPUT 1 "ENQ"
    .port_info 4 /OUTPUT 1 "FULL_N"
    .port_info 5 /OUTPUT 8 "D_OUT"
    .port_info 6 /INPUT 1 "DEQ"
    .port_info 7 /OUTPUT 1 "EMPTY_N"
    .port_info 8 /INPUT 1 "CLR"
P_0x560ab60a9340 .param/l "guarded" 0 4 62, C4<00000000000000000000000000000001>;
P_0x560ab60a9380 .param/l "width" 0 4 61, C4<00000000000000000000000000001000>;
L_0x560ab60bc670 .functor BUFZ 1, v0x560ab60ab180_0, C4<0>, C4<0>, C4<0>;
L_0x560ab60bc730 .functor BUFZ 1, v0x560ab60ab0c0_0, C4<0>, C4<0>, C4<0>;
L_0x560ab60bc9a0 .functor AND 1, L_0x560ab60d1ba0, L_0x560ab60bc8b0, C4<1>, C4<1>;
L_0x560ab60bcab0 .functor AND 1, L_0x560ab60d1ba0, L_0x560ab60d1c10, C4<1>, C4<1>;
L_0x560ab60bcb70 .functor AND 1, L_0x560ab60bcab0, v0x560ab60ab180_0, C4<1>, C4<1>;
L_0x560ab60bcc80 .functor OR 1, L_0x560ab60bc9a0, L_0x560ab60bcb70, C4<0>, C4<0>;
L_0x560ab60bce30 .functor AND 1, L_0x560ab60d1c10, L_0x560ab60bcd90, C4<1>, C4<1>;
L_0x560ab60bd1a0 .functor AND 1, L_0x560ab60bcf40, L_0x560ab60bd070, C4<1>, C4<1>;
L_0x560ab60bd2b0 .functor AND 1, L_0x560ab60bd210, v0x560ab60ab0c0_0, C4<1>, C4<1>;
L_0x560ab60bd3d0 .functor OR 1, L_0x560ab60bd1a0, L_0x560ab60bd2b0, C4<0>, C4<0>;
L_0x560ab60bd530 .functor AND 1, L_0x560ab60bd490, v0x560ab60ab180_0, C4<1>, C4<1>;
L_0x560ab60bd6f0 .functor OR 1, L_0x560ab60bd3d0, L_0x560ab60bd530, C4<0>, C4<0>;
L_0x560ab60bd7b0 .functor AND 1, L_0x560ab60d1ba0, v0x560ab60ab0c0_0, C4<1>, C4<1>;
v0x560ab60a99f0_0 .net "CLK", 0 0, v0x560ab60b59a0_0;  alias, 1 drivers
v0x560ab60a9ab0_0 .net "CLR", 0 0, L_0x7f0daa5e3c78;  alias, 1 drivers
v0x560ab60a9b70_0 .net "DEQ", 0 0, L_0x560ab60d1c10;  alias, 1 drivers
v0x560ab60a9c40_0 .net "D_IN", 7 0, L_0x560ab60d1630;  alias, 1 drivers
v0x560ab60a9d20_0 .net "D_OUT", 7 0, v0x560ab60aaf00_0;  alias, 1 drivers
v0x560ab60a9e50_0 .net "EMPTY_N", 0 0, L_0x560ab60bc730;  alias, 1 drivers
v0x560ab60a9f10_0 .net "ENQ", 0 0, L_0x560ab60d1ba0;  alias, 1 drivers
v0x560ab60a9fd0_0 .net "FULL_N", 0 0, L_0x560ab60bc670;  alias, 1 drivers
v0x560ab60aa090_0 .net "RST", 0 0, v0x560ab60b5a40_0;  alias, 1 drivers
v0x560ab60aa130_0 .net *"_s10", 0 0, L_0x560ab60bcab0;  1 drivers
v0x560ab60aa1f0_0 .net *"_s12", 0 0, L_0x560ab60bcb70;  1 drivers
v0x560ab60aa2b0_0 .net *"_s17", 0 0, L_0x560ab60bcd90;  1 drivers
v0x560ab60aa370_0 .net *"_s21", 0 0, L_0x560ab60bcf40;  1 drivers
v0x560ab60aa430_0 .net *"_s23", 0 0, L_0x560ab60bd070;  1 drivers
v0x560ab60aa4f0_0 .net *"_s24", 0 0, L_0x560ab60bd1a0;  1 drivers
v0x560ab60aa5b0_0 .net *"_s27", 0 0, L_0x560ab60bd210;  1 drivers
v0x560ab60aa670_0 .net *"_s28", 0 0, L_0x560ab60bd2b0;  1 drivers
v0x560ab60aa840_0 .net *"_s30", 0 0, L_0x560ab60bd3d0;  1 drivers
v0x560ab60aa900_0 .net *"_s33", 0 0, L_0x560ab60bd490;  1 drivers
v0x560ab60aa9c0_0 .net *"_s34", 0 0, L_0x560ab60bd530;  1 drivers
v0x560ab60aaa80_0 .net *"_s7", 0 0, L_0x560ab60bc8b0;  1 drivers
v0x560ab60aab40_0 .net *"_s8", 0 0, L_0x560ab60bc9a0;  1 drivers
v0x560ab60aac00_0 .net "d0d1", 0 0, L_0x560ab60bce30;  1 drivers
v0x560ab60aacc0_0 .net "d0di", 0 0, L_0x560ab60bcc80;  1 drivers
v0x560ab60aad80_0 .net "d0h", 0 0, L_0x560ab60bd6f0;  1 drivers
v0x560ab60aae40_0 .net "d1di", 0 0, L_0x560ab60bd7b0;  1 drivers
v0x560ab60aaf00_0 .var "data0_reg", 7 0;
v0x560ab60aafe0_0 .var "data1_reg", 7 0;
v0x560ab60ab0c0_0 .var "empty_reg", 0 0;
v0x560ab60ab180_0 .var "full_reg", 0 0;
L_0x560ab60bc8b0 .reduce/nor v0x560ab60ab0c0_0;
L_0x560ab60bcd90 .reduce/nor v0x560ab60ab180_0;
L_0x560ab60bcf40 .reduce/nor L_0x560ab60d1c10;
L_0x560ab60bd070 .reduce/nor L_0x560ab60d1ba0;
L_0x560ab60bd210 .reduce/nor L_0x560ab60d1c10;
L_0x560ab60bd490 .reduce/nor L_0x560ab60d1ba0;
S_0x560ab60a9660 .scope begin, "error_checks" "error_checks" 4 155, 4 155 0, S_0x560ab60a91c0;
 .timescale 0 0;
v0x560ab60a9850_0 .var "deqerror", 0 0;
v0x560ab60a9930_0 .var "enqerror", 0 0;
S_0x560ab60ab360 .scope module, "row_fifo_1" "FIFO2" 3 252, 4 51 0, S_0x560ab607dad0;
 .timescale 0 0;
    .port_info 0 /INPUT 1 "CLK"
    .port_info 1 /INPUT 1 "RST"
    .port_info 2 /INPUT 8 "D_IN"
    .port_info 3 /INPUT 1 "ENQ"
    .port_info 4 /OUTPUT 1 "FULL_N"
    .port_info 5 /OUTPUT 8 "D_OUT"
    .port_info 6 /INPUT 1 "DEQ"
    .port_info 7 /OUTPUT 1 "EMPTY_N"
    .port_info 8 /INPUT 1 "CLR"
P_0x560ab60ab4e0 .param/l "guarded" 0 4 62, C4<00000000000000000000000000000001>;
P_0x560ab60ab520 .param/l "width" 0 4 61, C4<00000000000000000000000000001000>;
L_0x560ab60bd680 .functor BUFZ 1, v0x560ab60ad3e0_0, C4<0>, C4<0>, C4<0>;
L_0x560ab60bd930 .functor BUFZ 1, v0x560ab60ad320_0, C4<0>, C4<0>, C4<0>;
L_0x560ab60bdba0 .functor AND 1, L_0x560ab60d1e60, L_0x560ab60bdab0, C4<1>, C4<1>;
L_0x560ab60bdcb0 .functor AND 1, L_0x560ab60d1e60, L_0x560ab60d1fb0, C4<1>, C4<1>;
L_0x560ab60bdd70 .functor AND 1, L_0x560ab60bdcb0, v0x560ab60ad3e0_0, C4<1>, C4<1>;
L_0x560ab60bdec0 .functor OR 1, L_0x560ab60bdba0, L_0x560ab60bdd70, C4<0>, C4<0>;
L_0x560ab60be070 .functor AND 1, L_0x560ab60d1fb0, L_0x560ab60bdfd0, C4<1>, C4<1>;
L_0x560ab60be3e0 .functor AND 1, L_0x560ab60be180, L_0x560ab60be2b0, C4<1>, C4<1>;
L_0x560ab60be4f0 .functor AND 1, L_0x560ab60be450, v0x560ab60ad320_0, C4<1>, C4<1>;
L_0x560ab60be5b0 .functor OR 1, L_0x560ab60be3e0, L_0x560ab60be4f0, C4<0>, C4<0>;
L_0x560ab60be710 .functor AND 1, L_0x560ab60be670, v0x560ab60ad3e0_0, C4<1>, C4<1>;
L_0x560ab60be8d0 .functor OR 1, L_0x560ab60be5b0, L_0x560ab60be710, C4<0>, C4<0>;
L_0x560ab60be990 .functor AND 1, L_0x560ab60d1e60, v0x560ab60ad320_0, C4<1>, C4<1>;
v0x560ab60abb40_0 .net "CLK", 0 0, v0x560ab60b59a0_0;  alias, 1 drivers
v0x560ab60abd10_0 .net "CLR", 0 0, L_0x7f0daa5e3cc0;  alias, 1 drivers
v0x560ab60abdd0_0 .net "DEQ", 0 0, L_0x560ab60d1fb0;  alias, 1 drivers
v0x560ab60abea0_0 .net "D_IN", 7 0, L_0x560ab60d1da0;  alias, 1 drivers
v0x560ab60abf80_0 .net "D_OUT", 7 0, v0x560ab60ad160_0;  alias, 1 drivers
v0x560ab60ac0b0_0 .net "EMPTY_N", 0 0, L_0x560ab60bd930;  alias, 1 drivers
v0x560ab60ac170_0 .net "ENQ", 0 0, L_0x560ab60d1e60;  alias, 1 drivers
v0x560ab60ac230_0 .net "FULL_N", 0 0, L_0x560ab60bd680;  alias, 1 drivers
v0x560ab60ac2f0_0 .net "RST", 0 0, v0x560ab60b5a40_0;  alias, 1 drivers
v0x560ab60ac390_0 .net *"_s10", 0 0, L_0x560ab60bdcb0;  1 drivers
v0x560ab60ac450_0 .net *"_s12", 0 0, L_0x560ab60bdd70;  1 drivers
v0x560ab60ac510_0 .net *"_s17", 0 0, L_0x560ab60bdfd0;  1 drivers
v0x560ab60ac5d0_0 .net *"_s21", 0 0, L_0x560ab60be180;  1 drivers
v0x560ab60ac690_0 .net *"_s23", 0 0, L_0x560ab60be2b0;  1 drivers
v0x560ab60ac750_0 .net *"_s24", 0 0, L_0x560ab60be3e0;  1 drivers
v0x560ab60ac810_0 .net *"_s27", 0 0, L_0x560ab60be450;  1 drivers
v0x560ab60ac8d0_0 .net *"_s28", 0 0, L_0x560ab60be4f0;  1 drivers
v0x560ab60acaa0_0 .net *"_s30", 0 0, L_0x560ab60be5b0;  1 drivers
v0x560ab60acb60_0 .net *"_s33", 0 0, L_0x560ab60be670;  1 drivers
v0x560ab60acc20_0 .net *"_s34", 0 0, L_0x560ab60be710;  1 drivers
v0x560ab60acce0_0 .net *"_s7", 0 0, L_0x560ab60bdab0;  1 drivers
v0x560ab60acda0_0 .net *"_s8", 0 0, L_0x560ab60bdba0;  1 drivers
v0x560ab60ace60_0 .net "d0d1", 0 0, L_0x560ab60be070;  1 drivers
v0x560ab60acf20_0 .net "d0di", 0 0, L_0x560ab60bdec0;  1 drivers
v0x560ab60acfe0_0 .net "d0h", 0 0, L_0x560ab60be8d0;  1 drivers
v0x560ab60ad0a0_0 .net "d1di", 0 0, L_0x560ab60be990;  1 drivers
v0x560ab60ad160_0 .var "data0_reg", 7 0;
v0x560ab60ad240_0 .var "data1_reg", 7 0;
v0x560ab60ad320_0 .var "empty_reg", 0 0;
v0x560ab60ad3e0_0 .var "full_reg", 0 0;
L_0x560ab60bdab0 .reduce/nor v0x560ab60ad320_0;
L_0x560ab60bdfd0 .reduce/nor v0x560ab60ad3e0_0;
L_0x560ab60be180 .reduce/nor L_0x560ab60d1fb0;
L_0x560ab60be2b0 .reduce/nor L_0x560ab60d1e60;
L_0x560ab60be450 .reduce/nor L_0x560ab60d1fb0;
L_0x560ab60be670 .reduce/nor L_0x560ab60d1e60;
S_0x560ab60ab7b0 .scope begin, "error_checks" "error_checks" 4 155, 4 155 0, S_0x560ab60ab360;
 .timescale 0 0;
v0x560ab60ab9a0_0 .var "deqerror", 0 0;
v0x560ab60aba80_0 .var "enqerror", 0 0;
    .scope S_0x560ab6059ac0;
T_0 ;
    %pushi/vec4 170, 0, 8;
    %store/vec4 v0x560ab609eb80_0, 0, 8;
    %pushi/vec4 170, 0, 8;
    %store/vec4 v0x560ab609ec60_0, 0, 8;
    %pushi/vec4 0, 0, 1;
    %store/vec4 v0x560ab609ed40_0, 0, 1;
    %pushi/vec4 1, 0, 1;
    %store/vec4 v0x560ab609ee00_0, 0, 1;
    %end;
    .thread T_0;
    .scope S_0x560ab6059ac0;
T_1 ;
    %wait E_0x560ab5fd2fa0;
    %load/vec4 v0x560ab609de00_0;
    %cmpi/e 0, 0, 1;
    %jmp/0xz  T_1.0, 4;
    %pushi/vec4 0, 0, 1;
    %assign/vec4 v0x560ab609ed40_0, 0;
    %pushi/vec4 1, 0, 1;
    %assign/vec4 v0x560ab609ee00_0, 0;
    %jmp T_1.1;
T_1.0 ;
    %load/vec4 v0x560ab6017aa0_0;
    %flag_set/vec4 8;
    %jmp/0xz  T_1.2, 8;
    %pushi/vec4 0, 0, 1;
    %assign/vec4 v0x560ab609ed40_0, 0;
    %pushi/vec4 1, 0, 1;
    %assign/vec4 v0x560ab609ee00_0, 0;
    %jmp T_1.3;
T_1.2 ;
    %load/vec4 v0x560ab609dc80_0;
    %load/vec4 v0x560ab6018560_0;
    %nor/r;
    %and;
    %flag_set/vec4 8;
    %jmp/0xz  T_1.4, 8;
    %pushi/vec4 1, 0, 1;
    %assign/vec4 v0x560ab609ed40_0, 0;
    %load/vec4 v0x560ab609ed40_0;
    %nor/r;
    %assign/vec4 v0x560ab609ee00_0, 0;
    %jmp T_1.5;
T_1.4 ;
    %load/vec4 v0x560ab6018560_0;
    %load/vec4 v0x560ab609dc80_0;
    %nor/r;
    %and;
    %flag_set/vec4 8;
    %jmp/0xz  T_1.6, 8;
    %pushi/vec4 1, 0, 1;
    %assign/vec4 v0x560ab609ee00_0, 0;
    %load/vec4 v0x560ab609ee00_0;
    %nor/r;
    %assign/vec4 v0x560ab609ed40_0, 0;
T_1.6 ;
T_1.5 ;
T_1.3 ;
T_1.1 ;
    %jmp T_1;
    .thread T_1;
    .scope S_0x560ab6059ac0;
T_2 ;
    %wait E_0x560ab5fd2fa0;
    %load/vec4 v0x560ab609e940_0;
    %replicate 8;
    %load/vec4 v0x560ab603bdf0_0;
    %and;
    %load/vec4 v0x560ab609e880_0;
    %replicate 8;
    %load/vec4 v0x560ab609ec60_0;
    %and;
    %or;
    %load/vec4 v0x560ab609ea00_0;
    %replicate 8;
    %load/vec4 v0x560ab609eb80_0;
    %and;
    %or;
    %assign/vec4 v0x560ab609eb80_0, 0;
    %load/vec4 v0x560ab609eac0_0;
    %flag_set/vec4 8;
    %jmp/0 T_2.0, 8;
    %load/vec4 v0x560ab603bdf0_0;
    %jmp/1 T_2.1, 8;
T_2.0 ; End of true expr.
    %load/vec4 v0x560ab609ec60_0;
    %jmp/0 T_2.1, 8;
 ; End of false expr.
    %blend;
T_2.1;
    %assign/vec4 v0x560ab609ec60_0, 0;
    %jmp T_2;
    .thread T_2;
    .scope S_0x560ab6059ac0;
T_3 ;
    %wait E_0x560ab5fd2fa0;
    %fork t_1, S_0x560ab6049140;
    %jmp t_0;
    .scope S_0x560ab6049140;
t_1 ;
    %pushi/vec4 0, 0, 1;
    %store/vec4 v0x560ab60204c0_0, 0, 1;
    %pushi/vec4 0, 0, 1;
    %store/vec4 v0x560ab6020f80_0, 0, 1;
    %load/vec4 v0x560ab609de00_0;
    %cmpi/e 1, 0, 1;
    %jmp/0xz  T_3.0, 4;
    %load/vec4 v0x560ab609ed40_0;
    %nor/r;
    %load/vec4 v0x560ab6018560_0;
    %and;
    %flag_set/vec4 8;
    %jmp/0xz  T_3.2, 8;
    %pushi/vec4 1, 0, 1;
    %store/vec4 v0x560ab60204c0_0, 0, 1;
    %vpi_call 4 165 "$display", "Warning: FIFO2: %m -- Dequeuing from empty fifo" {0 0 0};
T_3.2 ;
    %load/vec4 v0x560ab609ee00_0;
    %nor/r;
    %load/vec4 v0x560ab609dc80_0;
    %and;
    %load/vec4 v0x560ab6018560_0;
    %nor/r;
    %pushi/vec4 1, 0, 1;
    %or;
    %and;
    %flag_set/vec4 8;
    %jmp/0xz  T_3.4, 8;
    %pushi/vec4 1, 0, 1;
    %store/vec4 v0x560ab6020f80_0, 0, 1;
    %vpi_call 4 170 "$display", "Warning: FIFO2: %m -- Enqueuing to a full fifo" {0 0 0};
T_3.4 ;
T_3.0 ;
    %end;
    .scope S_0x560ab6059ac0;
t_0 %join;
    %jmp T_3;
    .thread T_3;
    .scope S_0x560ab604f450;
T_4 ;
    %pushi/vec4 170, 0, 8;
    %store/vec4 v0x560ab60a06f0_0, 0, 8;
    %pushi/vec4 170, 0, 8;
    %store/vec4 v0x560ab60a07d0_0, 0, 8;
    %pushi/vec4 0, 0, 1;
    %store/vec4 v0x560ab60a08b0_0, 0, 1;
    %pushi/vec4 1, 0, 1;
    %store/vec4 v0x560ab60a0970_0, 0, 1;
    %end;
    .thread T_4;
    .scope S_0x560ab604f450;
T_5 ;
    %wait E_0x560ab5fd2fa0;
    %load/vec4 v0x560ab609f9b0_0;
    %cmpi/e 0, 0, 1;
    %jmp/0xz  T_5.0, 4;
    %pushi/vec4 0, 0, 1;
    %assign/vec4 v0x560ab60a08b0_0, 0;
    %pushi/vec4 1, 0, 1;
    %assign/vec4 v0x560ab60a0970_0, 0;
    %jmp T_5.1;
T_5.0 ;
    %load/vec4 v0x560ab609f3f0_0;
    %flag_set/vec4 8;
    %jmp/0xz  T_5.2, 8;
    %pushi/vec4 0, 0, 1;
    %assign/vec4 v0x560ab60a08b0_0, 0;
    %pushi/vec4 1, 0, 1;
    %assign/vec4 v0x560ab60a0970_0, 0;
    %jmp T_5.3;
T_5.2 ;
    %load/vec4 v0x560ab609f830_0;
    %load/vec4 v0x560ab609f490_0;
    %nor/r;
    %and;
    %flag_set/vec4 8;
    %jmp/0xz  T_5.4, 8;
    %pushi/vec4 1, 0, 1;
    %assign/vec4 v0x560ab60a08b0_0, 0;
    %load/vec4 v0x560ab60a08b0_0;
    %nor/r;
    %assign/vec4 v0x560ab60a0970_0, 0;
    %jmp T_5.5;
T_5.4 ;
    %load/vec4 v0x560ab609f490_0;
    %load/vec4 v0x560ab609f830_0;
    %nor/r;
    %and;
    %flag_set/vec4 8;
    %jmp/0xz  T_5.6, 8;
    %pushi/vec4 1, 0, 1;
    %assign/vec4 v0x560ab60a0970_0, 0;
    %load/vec4 v0x560ab60a0970_0;
    %nor/r;
    %assign/vec4 v0x560ab60a08b0_0, 0;
T_5.6 ;
T_5.5 ;
T_5.3 ;
T_5.1 ;
    %jmp T_5;
    .thread T_5;
    .scope S_0x560ab604f450;
T_6 ;
    %wait E_0x560ab5fd2fa0;
    %load/vec4 v0x560ab60a04b0_0;
    %replicate 8;
    %load/vec4 v0x560ab609f560_0;
    %and;
    %load/vec4 v0x560ab60a03f0_0;
    %replicate 8;
    %load/vec4 v0x560ab60a07d0_0;
    %and;
    %or;
    %load/vec4 v0x560ab60a0570_0;
    %replicate 8;
    %load/vec4 v0x560ab60a06f0_0;
    %and;
    %or;
    %assign/vec4 v0x560ab60a06f0_0, 0;
    %load/vec4 v0x560ab60a0630_0;
    %flag_set/vec4 8;
    %jmp/0 T_6.0, 8;
    %load/vec4 v0x560ab609f560_0;
    %jmp/1 T_6.1, 8;
T_6.0 ; End of true expr.
    %load/vec4 v0x560ab60a07d0_0;
    %jmp/0 T_6.1, 8;
 ; End of false expr.
    %blend;
T_6.1;
    %assign/vec4 v0x560ab60a07d0_0, 0;
    %jmp T_6;
    .thread T_6;
    .scope S_0x560ab604f450;
T_7 ;
    %wait E_0x560ab5fd2fa0;
    %fork t_3, S_0x560ab604fb80;
    %jmp t_2;
    .scope S_0x560ab604fb80;
t_3 ;
    %pushi/vec4 0, 0, 1;
    %store/vec4 v0x560ab609f190_0, 0, 1;
    %pushi/vec4 0, 0, 1;
    %store/vec4 v0x560ab609f270_0, 0, 1;
    %load/vec4 v0x560ab609f9b0_0;
    %cmpi/e 1, 0, 1;
    %jmp/0xz  T_7.0, 4;
    %load/vec4 v0x560ab60a08b0_0;
    %nor/r;
    %load/vec4 v0x560ab609f490_0;
    %and;
    %flag_set/vec4 8;
    %jmp/0xz  T_7.2, 8;
    %pushi/vec4 1, 0, 1;
    %store/vec4 v0x560ab609f190_0, 0, 1;
    %vpi_call 4 165 "$display", "Warning: FIFO2: %m -- Dequeuing from empty fifo" {0 0 0};
T_7.2 ;
    %load/vec4 v0x560ab60a0970_0;
    %nor/r;
    %load/vec4 v0x560ab609f830_0;
    %and;
    %load/vec4 v0x560ab609f490_0;
    %nor/r;
    %pushi/vec4 1, 0, 1;
    %or;
    %and;
    %flag_set/vec4 8;
    %jmp/0xz  T_7.4, 8;
    %pushi/vec4 1, 0, 1;
    %store/vec4 v0x560ab609f270_0, 0, 1;
    %vpi_call 4 170 "$display", "Warning: FIFO2: %m -- Enqueuing to a full fifo" {0 0 0};
T_7.4 ;
T_7.0 ;
    %end;
    .scope S_0x560ab604f450;
t_2 %join;
    %jmp T_7;
    .thread T_7;
    .scope S_0x560ab6051b00;
T_8 ;
    %pushi/vec4 170, 0, 8;
    %store/vec4 v0x560ab60a2450_0, 0, 8;
    %pushi/vec4 170, 0, 8;
    %store/vec4 v0x560ab60a2530_0, 0, 8;
    %pushi/vec4 0, 0, 1;
    %store/vec4 v0x560ab60a2610_0, 0, 1;
    %pushi/vec4 1, 0, 1;
    %store/vec4 v0x560ab60a26d0_0, 0, 1;
    %end;
    .thread T_8;
    .scope S_0x560ab6051b00;
T_9 ;
    %wait E_0x560ab5fd2fa0;
    %load/vec4 v0x560ab60a16f0_0;
    %cmpi/e 0, 0, 1;
    %jmp/0xz  T_9.0, 4;
    %pushi/vec4 0, 0, 1;
    %assign/vec4 v0x560ab60a2610_0, 0;
    %pushi/vec4 1, 0, 1;
    %assign/vec4 v0x560ab60a26d0_0, 0;
    %jmp T_9.1;
T_9.0 ;
    %load/vec4 v0x560ab60a1140_0;
    %flag_set/vec4 8;
    %jmp/0xz  T_9.2, 8;
    %pushi/vec4 0, 0, 1;
    %assign/vec4 v0x560ab60a2610_0, 0;
    %pushi/vec4 1, 0, 1;
    %assign/vec4 v0x560ab60a26d0_0, 0;
    %jmp T_9.3;
T_9.2 ;
    %load/vec4 v0x560ab60a1570_0;
    %load/vec4 v0x560ab60a1200_0;
    %nor/r;
    %and;
    %flag_set/vec4 8;
    %jmp/0xz  T_9.4, 8;
    %pushi/vec4 1, 0, 1;
    %assign/vec4 v0x560ab60a2610_0, 0;
    %load/vec4 v0x560ab60a2610_0;
    %nor/r;
    %assign/vec4 v0x560ab60a26d0_0, 0;
    %jmp T_9.5;
T_9.4 ;
    %load/vec4 v0x560ab60a1200_0;
    %load/vec4 v0x560ab60a1570_0;
    %nor/r;
    %and;
    %flag_set/vec4 8;
    %jmp/0xz  T_9.6, 8;
    %pushi/vec4 1, 0, 1;
    %assign/vec4 v0x560ab60a26d0_0, 0;
    %load/vec4 v0x560ab60a26d0_0;
    %nor/r;
    %assign/vec4 v0x560ab60a2610_0, 0;
T_9.6 ;
T_9.5 ;
T_9.3 ;
T_9.1 ;
    %jmp T_9;
    .thread T_9;
    .scope S_0x560ab6051b00;
T_10 ;
    %wait E_0x560ab5fd2fa0;
    %load/vec4 v0x560ab60a2210_0;
    %replicate 8;
    %load/vec4 v0x560ab60a12a0_0;
    %and;
    %load/vec4 v0x560ab60a2150_0;
    %replicate 8;
    %load/vec4 v0x560ab60a2530_0;
    %and;
    %or;
    %load/vec4 v0x560ab60a22d0_0;
    %replicate 8;
    %load/vec4 v0x560ab60a2450_0;
    %and;
    %or;
    %assign/vec4 v0x560ab60a2450_0, 0;
    %load/vec4 v0x560ab60a2390_0;
    %flag_set/vec4 8;
    %jmp/0 T_10.0, 8;
    %load/vec4 v0x560ab60a12a0_0;
    %jmp/1 T_10.1, 8;
T_10.0 ; End of true expr.
    %load/vec4 v0x560ab60a2530_0;
    %jmp/0 T_10.1, 8;
 ; End of false expr.
    %blend;
T_10.1;
    %assign/vec4 v0x560ab60a2530_0, 0;
    %jmp T_10;
    .thread T_10;
    .scope S_0x560ab6051b00;
T_11 ;
    %wait E_0x560ab5fd2fa0;
    %fork t_5, S_0x560ab60578d0;
    %jmp t_4;
    .scope S_0x560ab60578d0;
t_5 ;
    %pushi/vec4 0, 0, 1;
    %store/vec4 v0x560ab60a0e90_0, 0, 1;
    %pushi/vec4 0, 0, 1;
    %store/vec4 v0x560ab60a0f70_0, 0, 1;
    %load/vec4 v0x560ab60a16f0_0;
    %cmpi/e 1, 0, 1;
    %jmp/0xz  T_11.0, 4;
    %load/vec4 v0x560ab60a2610_0;
    %nor/r;
    %load/vec4 v0x560ab60a1200_0;
    %and;
    %flag_set/vec4 8;
    %jmp/0xz  T_11.2, 8;
    %pushi/vec4 1, 0, 1;
    %store/vec4 v0x560ab60a0e90_0, 0, 1;
    %vpi_call 4 165 "$display", "Warning: FIFO2: %m -- Dequeuing from empty fifo" {0 0 0};
T_11.2 ;
    %load/vec4 v0x560ab60a26d0_0;
    %nor/r;
    %load/vec4 v0x560ab60a1570_0;
    %and;
    %load/vec4 v0x560ab60a1200_0;
    %nor/r;
    %pushi/vec4 1, 0, 1;
    %or;
    %and;
    %flag_set/vec4 8;
    %jmp/0xz  T_11.4, 8;
    %pushi/vec4 1, 0, 1;
    %store/vec4 v0x560ab60a0f70_0, 0, 1;
    %vpi_call 4 170 "$display", "Warning: FIFO2: %m -- Enqueuing to a full fifo" {0 0 0};
T_11.4 ;
T_11.0 ;
    %end;
    .scope S_0x560ab6051b00;
t_4 %join;
    %jmp T_11;
    .thread T_11;
    .scope S_0x560ab606df20;
T_12 ;
    %pushi/vec4 170, 0, 8;
    %store/vec4 v0x560ab60a4280_0, 0, 8;
    %pushi/vec4 170, 0, 8;
    %store/vec4 v0x560ab60a4360_0, 0, 8;
    %pushi/vec4 0, 0, 1;
    %store/vec4 v0x560ab60a4440_0, 0, 1;
    %pushi/vec4 1, 0, 1;
    %store/vec4 v0x560ab60a4500_0, 0, 1;
    %end;
    .thread T_12;
    .scope S_0x560ab606df20;
T_13 ;
    %wait E_0x560ab5fd2fa0;
    %load/vec4 v0x560ab60a3410_0;
    %cmpi/e 0, 0, 1;
    %jmp/0xz  T_13.0, 4;
    %pushi/vec4 0, 0, 1;
    %assign/vec4 v0x560ab60a4440_0, 0;
    %pushi/vec4 1, 0, 1;
    %assign/vec4 v0x560ab60a4500_0, 0;
    %jmp T_13.1;
T_13.0 ;
    %load/vec4 v0x560ab60a2e30_0;
    %flag_set/vec4 8;
    %jmp/0xz  T_13.2, 8;
    %pushi/vec4 0, 0, 1;
    %assign/vec4 v0x560ab60a4440_0, 0;
    %pushi/vec4 1, 0, 1;
    %assign/vec4 v0x560ab60a4500_0, 0;
    %jmp T_13.3;
T_13.2 ;
    %load/vec4 v0x560ab60a3290_0;
    %load/vec4 v0x560ab60a2ef0_0;
    %nor/r;
    %and;
    %flag_set/vec4 8;
    %jmp/0xz  T_13.4, 8;
    %pushi/vec4 1, 0, 1;
    %assign/vec4 v0x560ab60a4440_0, 0;
    %load/vec4 v0x560ab60a4440_0;
    %nor/r;
    %assign/vec4 v0x560ab60a4500_0, 0;
    %jmp T_13.5;
T_13.4 ;
    %load/vec4 v0x560ab60a2ef0_0;
    %load/vec4 v0x560ab60a3290_0;
    %nor/r;
    %and;
    %flag_set/vec4 8;
    %jmp/0xz  T_13.6, 8;
    %pushi/vec4 1, 0, 1;
    %assign/vec4 v0x560ab60a4500_0, 0;
    %load/vec4 v0x560ab60a4500_0;
    %nor/r;
    %assign/vec4 v0x560ab60a4440_0, 0;
T_13.6 ;
T_13.5 ;
T_13.3 ;
T_13.1 ;
    %jmp T_13;
    .thread T_13;
    .scope S_0x560ab606df20;
T_14 ;
    %wait E_0x560ab5fd2fa0;
    %load/vec4 v0x560ab60a4040_0;
    %replicate 8;
    %load/vec4 v0x560ab60a2fc0_0;
    %and;
    %load/vec4 v0x560ab60a3f80_0;
    %replicate 8;
    %load/vec4 v0x560ab60a4360_0;
    %and;
    %or;
    %load/vec4 v0x560ab60a4100_0;
    %replicate 8;
    %load/vec4 v0x560ab60a4280_0;
    %and;
    %or;
    %assign/vec4 v0x560ab60a4280_0, 0;
    %load/vec4 v0x560ab60a41c0_0;
    %flag_set/vec4 8;
    %jmp/0 T_14.0, 8;
    %load/vec4 v0x560ab60a2fc0_0;
    %jmp/1 T_14.1, 8;
T_14.0 ; End of true expr.
    %load/vec4 v0x560ab60a4360_0;
    %jmp/0 T_14.1, 8;
 ; End of false expr.
    %blend;
T_14.1;
    %assign/vec4 v0x560ab60a4360_0, 0;
    %jmp T_14;
    .thread T_14;
    .scope S_0x560ab606df20;
T_15 ;
    %wait E_0x560ab5fd2fa0;
    %fork t_7, S_0x560ab6058ed0;
    %jmp t_6;
    .scope S_0x560ab6058ed0;
t_7 ;
    %pushi/vec4 0, 0, 1;
    %store/vec4 v0x560ab60a2bd0_0, 0, 1;
    %pushi/vec4 0, 0, 1;
    %store/vec4 v0x560ab60a2cb0_0, 0, 1;
    %load/vec4 v0x560ab60a3410_0;
    %cmpi/e 1, 0, 1;
    %jmp/0xz  T_15.0, 4;
    %load/vec4 v0x560ab60a4440_0;
    %nor/r;
    %load/vec4 v0x560ab60a2ef0_0;
    %and;
    %flag_set/vec4 8;
    %jmp/0xz  T_15.2, 8;
    %pushi/vec4 1, 0, 1;
    %store/vec4 v0x560ab60a2bd0_0, 0, 1;
    %vpi_call 4 165 "$display", "Warning: FIFO2: %m -- Dequeuing from empty fifo" {0 0 0};
T_15.2 ;
    %load/vec4 v0x560ab60a4500_0;
    %nor/r;
    %load/vec4 v0x560ab60a3290_0;
    %and;
    %load/vec4 v0x560ab60a2ef0_0;
    %nor/r;
    %pushi/vec4 1, 0, 1;
    %or;
    %and;
    %flag_set/vec4 8;
    %jmp/0xz  T_15.4, 8;
    %pushi/vec4 1, 0, 1;
    %store/vec4 v0x560ab60a2cb0_0, 0, 1;
    %vpi_call 4 170 "$display", "Warning: FIFO2: %m -- Enqueuing to a full fifo" {0 0 0};
T_15.4 ;
T_15.0 ;
    %end;
    .scope S_0x560ab606df20;
t_6 %join;
    %jmp T_15;
    .thread T_15;
    .scope S_0x560ab60a46e0;
T_16 ;
    %wait E_0x560ab5fd2fa0;
    %load/vec4 v0x560ab60a5ab0_0;
    %flag_set/vec4 8;
    %jmp/0xz  T_16.0, 8;
    %load/vec4 v0x560ab60a59d0_0;
    %assign/vec4 v0x560ab60a58f0_0, 0;
T_16.0 ;
    %jmp T_16;
    .thread T_16;
    .scope S_0x560ab60a46e0;
T_17 ;
    %pushi/vec4 170, 0, 8;
    %store/vec4 v0x560ab60a58f0_0, 0, 8;
    %end;
    .thread T_17;
    .scope S_0x560ab60a5d50;
T_18 ;
    %fork t_9, S_0x560ab60a6170;
    %jmp t_8;
    .scope S_0x560ab60a6170;
t_9 ;
    %vpi_call 6 80 "$readmemh", P_0x560ab607dd10, v0x560ab60a7f40, P_0x560ab607dd90, P_0x560ab607dd50 {0 0 0};
    %end;
    .scope S_0x560ab60a5d50;
t_8 %join;
    %end;
    .thread T_18;
    .scope S_0x560ab60a5d50;
T_19 ;
    %wait E_0x560ab5fd2fa0;
    %load/vec4 v0x560ab60a7130_0;
    %flag_set/vec4 8;
    %jmp/0xz  T_19.0, 8;
    %load/vec4 v0x560ab60a6bf0_0;
    %load/vec4 v0x560ab60a6a70_0;
    %pad/u 18;
    %ix/vec4 3;
    %ix/load 4, 0, 0; Constant delay
    %assign/vec4/a/d v0x560ab60a7f40, 0, 4;
T_19.0 ;
    %jmp T_19;
    .thread T_19;
    .scope S_0x560ab60a5d50;
T_20 ;
    %wait E_0x560ab5fd2fa0;
    %fork t_11, S_0x560ab60a6310;
    %jmp t_10;
    .scope S_0x560ab60a6310;
t_11 ;
    %pushi/vec4 0, 0, 1;
    %store/vec4 v0x560ab60a6500_0, 0, 1;
    %load/vec4 v0x560ab60a6500_0;
    %flag_set/vec4 8;
    %jmp/0xz  T_20.0, 8;
    %load/vec4 v0x560ab60a65c0_0;
    %cmpi/u 0, 0, 16;
    %flag_mov 8, 5;
    %pushi/vec4 65535, 0, 16;
    %load/vec4 v0x560ab60a65c0_0;
    %cmp/u;
    %flag_or 5, 8;
    %jmp/0xz  T_20.2, 5;
    %vpi_call 6 104 "$display", "Warning: RegFile: %m -- Address port 1 is out of bounds: %h", v0x560ab60a65c0_0 {0 0 0};
T_20.2 ;
    %load/vec4 v0x560ab60a66c0_0;
    %cmpi/u 0, 0, 16;
    %flag_mov 8, 5;
    %pushi/vec4 65535, 0, 16;
    %load/vec4 v0x560ab60a66c0_0;
    %cmp/u;
    %flag_or 5, 8;
    %jmp/0xz  T_20.4, 5;
    %vpi_call 6 106 "$display", "Warning: RegFile: %m -- Address port 2 is out of bounds: %h", v0x560ab60a66c0_0 {0 0 0};
T_20.4 ;
    %load/vec4 v0x560ab60a67a0_0;
    %cmpi/u 0, 0, 16;
    %flag_mov 8, 5;
    %pushi/vec4 65535, 0, 16;
    %load/vec4 v0x560ab60a67a0_0;
    %cmp/u;
    %flag_or 5, 8;
    %jmp/0xz  T_20.6, 5;
    %vpi_call 6 108 "$display", "Warning: RegFile: %m -- Address port 3 is out of bounds: %h", v0x560ab60a67a0_0 {0 0 0};
T_20.6 ;
    %load/vec4 v0x560ab60a6860_0;
    %cmpi/u 0, 0, 16;
    %flag_mov 8, 5;
    %pushi/vec4 65535, 0, 16;
    %load/vec4 v0x560ab60a6860_0;
    %cmp/u;
    %flag_or 5, 8;
    %jmp/0xz  T_20.8, 5;
    %vpi_call 6 110 "$display", "Warning: RegFile: %m -- Address port 4 is out of bounds: %h", v0x560ab60a6860_0 {0 0 0};
T_20.8 ;
    %load/vec4 v0x560ab60a6940_0;
    %cmpi/u 0, 0, 16;
    %flag_mov 8, 5;
    %pushi/vec4 65535, 0, 16;
    %load/vec4 v0x560ab60a6940_0;
    %cmp/u;
    %flag_or 5, 8;
    %jmp/0xz  T_20.10, 5;
    %vpi_call 6 112 "$display", "Warning: RegFile: %m -- Address port 5 is out of bounds: %h", v0x560ab60a6940_0 {0 0 0};
T_20.10 ;
    %load/vec4 v0x560ab60a7130_0;
    %load/vec4 v0x560ab60a6a70_0;
    %cmpi/u 0, 0, 16;
    %flag_get/vec4 5;
    %and;
    %flag_set/vec4 8;
    %pushi/vec4 65535, 0, 16;
    %load/vec4 v0x560ab60a6a70_0;
    %cmp/u;
    %flag_or 5, 8;
    %jmp/0xz  T_20.12, 5;
    %vpi_call 6 114 "$display", "Warning: RegFile: %m -- Write Address port is out of bounds: %h", v0x560ab60a6a70_0 {0 0 0};
T_20.12 ;
T_20.0 ;
    %end;
    .scope S_0x560ab60a5d50;
t_10 %join;
    %jmp T_20;
    .thread T_20;
    .scope S_0x560ab60a81c0;
T_21 ;
    %wait E_0x560ab5fd2fa0;
    %load/vec4 v0x560ab60a8780_0;
    %cmpi/e 0, 0, 1;
    %jmp/0xz  T_21.0, 4;
    %pushi/vec4 0, 0, 8;
    %assign/vec4 v0x560ab60a8e40_0, 0;
    %jmp T_21.1;
T_21.0 ;
    %load/vec4 v0x560ab60a9000_0;
    %flag_set/vec4 8;
    %jmp/0xz  T_21.2, 8;
    %load/vec4 v0x560ab60a8f20_0;
    %assign/vec4 v0x560ab60a8e40_0, 0;
T_21.2 ;
T_21.1 ;
    %jmp T_21;
    .thread T_21;
    .scope S_0x560ab60a81c0;
T_22 ;
    %pushi/vec4 170, 0, 8;
    %store/vec4 v0x560ab60a8e40_0, 0, 8;
    %end;
    .thread T_22;
    .scope S_0x560ab60a91c0;
T_23 ;
    %pushi/vec4 170, 0, 8;
    %store/vec4 v0x560ab60aaf00_0, 0, 8;
    %pushi/vec4 170, 0, 8;
    %store/vec4 v0x560ab60aafe0_0, 0, 8;
    %pushi/vec4 0, 0, 1;
    %store/vec4 v0x560ab60ab0c0_0, 0, 1;
    %pushi/vec4 1, 0, 1;
    %store/vec4 v0x560ab60ab180_0, 0, 1;
    %end;
    .thread T_23;
    .scope S_0x560ab60a91c0;
T_24 ;
    %wait E_0x560ab5fd2fa0;
    %load/vec4 v0x560ab60aa090_0;
    %cmpi/e 0, 0, 1;
    %jmp/0xz  T_24.0, 4;
    %pushi/vec4 0, 0, 1;
    %assign/vec4 v0x560ab60ab0c0_0, 0;
    %pushi/vec4 1, 0, 1;
    %assign/vec4 v0x560ab60ab180_0, 0;
    %jmp T_24.1;
T_24.0 ;
    %load/vec4 v0x560ab60a9ab0_0;
    %flag_set/vec4 8;
    %jmp/0xz  T_24.2, 8;
    %pushi/vec4 0, 0, 1;
    %assign/vec4 v0x560ab60ab0c0_0, 0;
    %pushi/vec4 1, 0, 1;
    %assign/vec4 v0x560ab60ab180_0, 0;
    %jmp T_24.3;
T_24.2 ;
    %load/vec4 v0x560ab60a9f10_0;
    %load/vec4 v0x560ab60a9b70_0;
    %nor/r;
    %and;
    %flag_set/vec4 8;
    %jmp/0xz  T_24.4, 8;
    %pushi/vec4 1, 0, 1;
    %assign/vec4 v0x560ab60ab0c0_0, 0;
    %load/vec4 v0x560ab60ab0c0_0;
    %nor/r;
    %assign/vec4 v0x560ab60ab180_0, 0;
    %jmp T_24.5;
T_24.4 ;
    %load/vec4 v0x560ab60a9b70_0;
    %load/vec4 v0x560ab60a9f10_0;
    %nor/r;
    %and;
    %flag_set/vec4 8;
    %jmp/0xz  T_24.6, 8;
    %pushi/vec4 1, 0, 1;
    %assign/vec4 v0x560ab60ab180_0, 0;
    %load/vec4 v0x560ab60ab180_0;
    %nor/r;
    %assign/vec4 v0x560ab60ab0c0_0, 0;
T_24.6 ;
T_24.5 ;
T_24.3 ;
T_24.1 ;
    %jmp T_24;
    .thread T_24;
    .scope S_0x560ab60a91c0;
T_25 ;
    %wait E_0x560ab5fd2fa0;
    %load/vec4 v0x560ab60aacc0_0;
    %replicate 8;
    %load/vec4 v0x560ab60a9c40_0;
    %and;
    %load/vec4 v0x560ab60aac00_0;
    %replicate 8;
    %load/vec4 v0x560ab60aafe0_0;
    %and;
    %or;
    %load/vec4 v0x560ab60aad80_0;
    %replicate 8;
    %load/vec4 v0x560ab60aaf00_0;
    %and;
    %or;
    %assign/vec4 v0x560ab60aaf00_0, 0;
    %load/vec4 v0x560ab60aae40_0;
    %flag_set/vec4 8;
    %jmp/0 T_25.0, 8;
    %load/vec4 v0x560ab60a9c40_0;
    %jmp/1 T_25.1, 8;
T_25.0 ; End of true expr.
    %load/vec4 v0x560ab60aafe0_0;
    %jmp/0 T_25.1, 8;
 ; End of false expr.
    %blend;
T_25.1;
    %assign/vec4 v0x560ab60aafe0_0, 0;
    %jmp T_25;
    .thread T_25;
    .scope S_0x560ab60a91c0;
T_26 ;
    %wait E_0x560ab5fd2fa0;
    %fork t_13, S_0x560ab60a9660;
    %jmp t_12;
    .scope S_0x560ab60a9660;
t_13 ;
    %pushi/vec4 0, 0, 1;
    %store/vec4 v0x560ab60a9850_0, 0, 1;
    %pushi/vec4 0, 0, 1;
    %store/vec4 v0x560ab60a9930_0, 0, 1;
    %load/vec4 v0x560ab60aa090_0;
    %cmpi/e 1, 0, 1;
    %jmp/0xz  T_26.0, 4;
    %load/vec4 v0x560ab60ab0c0_0;
    %nor/r;
    %load/vec4 v0x560ab60a9b70_0;
    %and;
    %flag_set/vec4 8;
    %jmp/0xz  T_26.2, 8;
    %pushi/vec4 1, 0, 1;
    %store/vec4 v0x560ab60a9850_0, 0, 1;
    %vpi_call 4 165 "$display", "Warning: FIFO2: %m -- Dequeuing from empty fifo" {0 0 0};
T_26.2 ;
    %load/vec4 v0x560ab60ab180_0;
    %nor/r;
    %load/vec4 v0x560ab60a9f10_0;
    %and;
    %load/vec4 v0x560ab60a9b70_0;
    %nor/r;
    %pushi/vec4 1, 0, 1;
    %or;
    %and;
    %flag_set/vec4 8;
    %jmp/0xz  T_26.4, 8;
    %pushi/vec4 1, 0, 1;
    %store/vec4 v0x560ab60a9930_0, 0, 1;
    %vpi_call 4 170 "$display", "Warning: FIFO2: %m -- Enqueuing to a full fifo" {0 0 0};
T_26.4 ;
T_26.0 ;
    %end;
    .scope S_0x560ab60a91c0;
t_12 %join;
    %jmp T_26;
    .thread T_26;
    .scope S_0x560ab60ab360;
T_27 ;
    %pushi/vec4 170, 0, 8;
    %store/vec4 v0x560ab60ad160_0, 0, 8;
    %pushi/vec4 170, 0, 8;
    %store/vec4 v0x560ab60ad240_0, 0, 8;
    %pushi/vec4 0, 0, 1;
    %store/vec4 v0x560ab60ad320_0, 0, 1;
    %pushi/vec4 1, 0, 1;
    %store/vec4 v0x560ab60ad3e0_0, 0, 1;
    %end;
    .thread T_27;
    .scope S_0x560ab60ab360;
T_28 ;
    %wait E_0x560ab5fd2fa0;
    %load/vec4 v0x560ab60ac2f0_0;
    %cmpi/e 0, 0, 1;
    %jmp/0xz  T_28.0, 4;
    %pushi/vec4 0, 0, 1;
    %assign/vec4 v0x560ab60ad320_0, 0;
    %pushi/vec4 1, 0, 1;
    %assign/vec4 v0x560ab60ad3e0_0, 0;
    %jmp T_28.1;
T_28.0 ;
    %load/vec4 v0x560ab60abd10_0;
    %flag_set/vec4 8;
    %jmp/0xz  T_28.2, 8;
    %pushi/vec4 0, 0, 1;
    %assign/vec4 v0x560ab60ad320_0, 0;
    %pushi/vec4 1, 0, 1;
    %assign/vec4 v0x560ab60ad3e0_0, 0;
    %jmp T_28.3;
T_28.2 ;
    %load/vec4 v0x560ab60ac170_0;
    %load/vec4 v0x560ab60abdd0_0;
    %nor/r;
    %and;
    %flag_set/vec4 8;
    %jmp/0xz  T_28.4, 8;
    %pushi/vec4 1, 0, 1;
    %assign/vec4 v0x560ab60ad320_0, 0;
    %load/vec4 v0x560ab60ad320_0;
    %nor/r;
    %assign/vec4 v0x560ab60ad3e0_0, 0;
    %jmp T_28.5;
T_28.4 ;
    %load/vec4 v0x560ab60abdd0_0;
    %load/vec4 v0x560ab60ac170_0;
    %nor/r;
    %and;
    %flag_set/vec4 8;
    %jmp/0xz  T_28.6, 8;
    %pushi/vec4 1, 0, 1;
    %assign/vec4 v0x560ab60ad3e0_0, 0;
    %load/vec4 v0x560ab60ad3e0_0;
    %nor/r;
    %assign/vec4 v0x560ab60ad320_0, 0;
T_28.6 ;
T_28.5 ;
T_28.3 ;
T_28.1 ;
    %jmp T_28;
    .thread T_28;
    .scope S_0x560ab60ab360;
T_29 ;
    %wait E_0x560ab5fd2fa0;
    %load/vec4 v0x560ab60acf20_0;
    %replicate 8;
    %load/vec4 v0x560ab60abea0_0;
    %and;
    %load/vec4 v0x560ab60ace60_0;
    %replicate 8;
    %load/vec4 v0x560ab60ad240_0;
    %and;
    %or;
    %load/vec4 v0x560ab60acfe0_0;
    %replicate 8;
    %load/vec4 v0x560ab60ad160_0;
    %and;
    %or;
    %assign/vec4 v0x560ab60ad160_0, 0;
    %load/vec4 v0x560ab60ad0a0_0;
    %flag_set/vec4 8;
    %jmp/0 T_29.0, 8;
    %load/vec4 v0x560ab60abea0_0;
    %jmp/1 T_29.1, 8;
T_29.0 ; End of true expr.
    %load/vec4 v0x560ab60ad240_0;
    %jmp/0 T_29.1, 8;
 ; End of false expr.
    %blend;
T_29.1;
    %assign/vec4 v0x560ab60ad240_0, 0;
    %jmp T_29;
    .thread T_29;
    .scope S_0x560ab60ab360;
T_30 ;
    %wait E_0x560ab5fd2fa0;
    %fork t_15, S_0x560ab60ab7b0;
    %jmp t_14;
    .scope S_0x560ab60ab7b0;
t_15 ;
    %pushi/vec4 0, 0, 1;
    %store/vec4 v0x560ab60ab9a0_0, 0, 1;
    %pushi/vec4 0, 0, 1;
    %store/vec4 v0x560ab60aba80_0, 0, 1;
    %load/vec4 v0x560ab60ac2f0_0;
    %cmpi/e 1, 0, 1;
    %jmp/0xz  T_30.0, 4;
    %load/vec4 v0x560ab60ad320_0;
    %nor/r;
    %load/vec4 v0x560ab60abdd0_0;
    %and;
    %flag_set/vec4 8;
    %jmp/0xz  T_30.2, 8;
    %pushi/vec4 1, 0, 1;
    %store/vec4 v0x560ab60ab9a0_0, 0, 1;
    %vpi_call 4 165 "$display", "Warning: FIFO2: %m -- Dequeuing from empty fifo" {0 0 0};
T_30.2 ;
    %load/vec4 v0x560ab60ad3e0_0;
    %nor/r;
    %load/vec4 v0x560ab60ac170_0;
    %and;
    %load/vec4 v0x560ab60abdd0_0;
    %nor/r;
    %pushi/vec4 1, 0, 1;
    %or;
    %and;
    %flag_set/vec4 8;
    %jmp/0xz  T_30.4, 8;
    %pushi/vec4 1, 0, 1;
    %store/vec4 v0x560ab60aba80_0, 0, 1;
    %vpi_call 4 170 "$display", "Warning: FIFO2: %m -- Enqueuing to a full fifo" {0 0 0};
T_30.4 ;
T_30.0 ;
    %end;
    .scope S_0x560ab60ab360;
t_14 %join;
    %jmp T_30;
    .thread T_30;
    .scope S_0x560ab607dad0;
T_31 ;
    %wait E_0x560ab5fd2fa0;
    %load/vec4 v0x560ab60ad820_0;
    %cmpi/e 0, 0, 1;
    %jmp/0xz  T_31.0, 4;
    %pushi/vec4 0, 0, 16;
    %assign/vec4 v0x560ab60b0a00_0, 0;
    %pushi/vec4 0, 0, 8;
    %assign/vec4 v0x560ab60b1e30_0, 0;
    %pushi/vec4 0, 0, 8;
    %assign/vec4 v0x560ab60b2010_0, 0;
    %pushi/vec4 0, 0, 8;
    %assign/vec4 v0x560ab60b2f60_0, 0;
    %pushi/vec4 0, 0, 8;
    %assign/vec4 v0x560ab60b3140_0, 0;
    %pushi/vec4 0, 0, 16;
    %assign/vec4 v0x560ab60b37f0_0, 0;
    %pushi/vec4 0, 0, 16;
    %assign/vec4 v0x560ab60b4e40_0, 0;
    %jmp T_31.1;
T_31.0 ;
    %load/vec4 v0x560ab60b0bc0_0;
    %flag_set/vec4 8;
    %jmp/0xz  T_31.2, 8;
    %load/vec4 v0x560ab60b0ae0_0;
    %assign/vec4 v0x560ab60b0a00_0, 0;
T_31.2 ;
    %load/vec4 v0x560ab60b1f70_0;
    %flag_set/vec4 8;
    %jmp/0xz  T_31.4, 8;
    %load/vec4 v0x560ab60b1ed0_0;
    %assign/vec4 v0x560ab60b1e30_0, 0;
T_31.4 ;
    %load/vec4 v0x560ab60b2150_0;
    %flag_set/vec4 8;
    %jmp/0xz  T_31.6, 8;
    %load/vec4 v0x560ab60b20b0_0;
    %assign/vec4 v0x560ab60b2010_0, 0;
T_31.6 ;
    %load/vec4 v0x560ab60b30a0_0;
    %flag_set/vec4 8;
    %jmp/0xz  T_31.8, 8;
    %load/vec4 v0x560ab60b3000_0;
    %assign/vec4 v0x560ab60b2f60_0, 0;
T_31.8 ;
    %load/vec4 v0x560ab60b3300_0;
    %flag_set/vec4 8;
    %jmp/0xz  T_31.10, 8;
    %load/vec4 v0x560ab60b3220_0;
    %assign/vec4 v0x560ab60b3140_0, 0;
T_31.10 ;
    %load/vec4 v0x560ab60b3970_0;
    %flag_set/vec4 8;
    %jmp/0xz  T_31.12, 8;
    %load/vec4 v0x560ab60b3890_0;
    %assign/vec4 v0x560ab60b37f0_0, 0;
T_31.12 ;
    %load/vec4 v0x560ab60b4f80_0;
    %flag_set/vec4 8;
    %jmp/0xz  T_31.14, 8;
    %load/vec4 v0x560ab60b4ee0_0;
    %assign/vec4 v0x560ab60b4e40_0, 0;
T_31.14 ;
T_31.1 ;
    %jmp T_31;
    .thread T_31;
    .scope S_0x560ab607dad0;
T_32 ;
    %pushi/vec4 43690, 0, 16;
    %store/vec4 v0x560ab60b0a00_0, 0, 16;
    %pushi/vec4 170, 0, 8;
    %store/vec4 v0x560ab60b1e30_0, 0, 8;
    %pushi/vec4 170, 0, 8;
    %store/vec4 v0x560ab60b2010_0, 0, 8;
    %pushi/vec4 170, 0, 8;
    %store/vec4 v0x560ab60b2f60_0, 0, 8;
    %pushi/vec4 170, 0, 8;
    %store/vec4 v0x560ab60b3140_0, 0, 8;
    %pushi/vec4 43690, 0, 16;
    %store/vec4 v0x560ab60b37f0_0, 0, 16;
    %pushi/vec4 43690, 0, 16;
    %store/vec4 v0x560ab60b4e40_0, 0, 16;
    %end;
    .thread T_32;
    .scope S_0x560ab607dad0;
T_33 ;
    %wait E_0x560ab5fd2bd0;
    %delay 0, 0;
    %load/vec4 v0x560ab60ad820_0;
    %cmpi/ne 0, 0, 1;
    %jmp/0xz  T_33.0, 4;
    %load/vec4 v0x560ab60b4e40_0;
    %cmpi/e 16386, 0, 16;
    %jmp/0xz  T_33.2, 4;
    %vpi_call 3 461 "$finish", 32'b00000000000000000000000000000000 {0 0 0};
T_33.2 ;
T_33.0 ;
    %load/vec4 v0x560ab60ad820_0;
    %cmpi/ne 0, 0, 1;
    %jmp/0xz  T_33.4, 4;
    %load/vec4 v0x560ab60ad9d0_0;
    %flag_set/vec4 8;
    %jmp/0xz  T_33.6, 8;
    %vpi_call 3 464 "$display", v0x560ab60b34a0_0, v0x560ab60b33c0_0, v0x560ab60b2500_0, v0x560ab60b21f0_0 {0 0 0};
T_33.6 ;
T_33.4 ;
    %jmp T_33;
    .thread T_33;
    .scope S_0x560ab607d950;
T_34 ;
    %pushi/vec4 0, 0, 32;
    %store/vec4 v0x560ab60b5b00_0, 0, 32;
    %vpi_func 2 86 "$test$plusargs" 32, "bscvcd" {0 0 0};
    %pad/u 1;
    %store/vec4 v0x560ab60b5e10_0, 0, 1;
    %vpi_func 2 87 "$test$plusargs" 32, "bscfst" {0 0 0};
    %pad/u 1;
    %store/vec4 v0x560ab60b5d50_0, 0, 1;
    %vpi_func 2 88 "$test$plusargs" 32, "bscfsdb" {0 0 0};
    %pad/u 1;
    %store/vec4 v0x560ab60b5c90_0, 0, 1;
    %vpi_func 2 89 "$test$plusargs" 32, "bsccycle" {0 0 0};
    %pad/u 1;
    %store/vec4 v0x560ab60b5bd0_0, 0, 1;
    %vpi_func 2 91 "$value$plusargs" 32, "bscvcd=%s", v0x560ab60b5ed0_0 {0 0 0};
    %cmpi/ne 0, 0, 32;
    %jmp/0xz  T_34.0, 4;
    %pushi/vec4 1, 0, 1;
    %store/vec4 v0x560ab60b5e10_0, 0, 1;
    %jmp T_34.1;
T_34.0 ;
    %load/vec4 v0x560ab60b5e10_0;
    %flag_set/vec4 8;
    %jmp/0xz  T_34.2, 8;
    %pushi/vec4 0, 0, 32; draw_string_vec4
    %pushi/vec4 0, 0, 32; draw_string_vec4
    %concat/vec4; draw_string_vec4
    %pushi/vec4 0, 0, 32; draw_string_vec4
    %concat/vec4; draw_string_vec4
    %pushi/vec4 0, 0, 32; draw_string_vec4
    %concat/vec4; draw_string_vec4
    %pushi/vec4 0, 0, 32; draw_string_vec4
    %concat/vec4; draw_string_vec4
    %pushi/vec4 0, 0, 32; draw_string_vec4
    %concat/vec4; draw_string_vec4
    %pushi/vec4 0, 0, 32; draw_string_vec4
    %concat/vec4; draw_string_vec4
    %pushi/vec4 0, 0, 32; draw_string_vec4
    %concat/vec4; draw_string_vec4
    %pushi/vec4 0, 0, 32; draw_string_vec4
    %concat/vec4; draw_string_vec4
    %pushi/vec4 0, 0, 32; draw_string_vec4
    %concat/vec4; draw_string_vec4
    %pushi/vec4 0, 0, 32; draw_string_vec4
    %concat/vec4; draw_string_vec4
    %pushi/vec4 0, 0, 32; draw_string_vec4
    %concat/vec4; draw_string_vec4
    %pushi/vec4 0, 0, 32; draw_string_vec4
    %concat/vec4; draw_string_vec4
    %pushi/vec4 0, 0, 32; draw_string_vec4
    %concat/vec4; draw_string_vec4
    %pushi/vec4 0, 0, 32; draw_string_vec4
    %concat/vec4; draw_string_vec4
    %pushi/vec4 0, 0, 32; draw_string_vec4
    %concat/vec4; draw_string_vec4
    %pushi/vec4 0, 0, 32; draw_string_vec4
    %concat/vec4; draw_string_vec4
    %pushi/vec4 0, 0, 32; draw_string_vec4
    %concat/vec4; draw_string_vec4
    %pushi/vec4 0, 0, 32; draw_string_vec4
    %concat/vec4; draw_string_vec4
    %pushi/vec4 0, 0, 32; draw_string_vec4
    %concat/vec4; draw_string_vec4
    %pushi/vec4 0, 0, 32; draw_string_vec4
    %concat/vec4; draw_string_vec4
    %pushi/vec4 0, 0, 32; draw_string_vec4
    %concat/vec4; draw_string_vec4
    %pushi/vec4 0, 0, 32; draw_string_vec4
    %concat/vec4; draw_string_vec4
    %pushi/vec4 0, 0, 32; draw_string_vec4
    %concat/vec4; draw_string_vec4
    %pushi/vec4 0, 0, 32; draw_string_vec4
    %concat/vec4; draw_string_vec4
    %pushi/vec4 0, 0, 32; draw_string_vec4
    %concat/vec4; draw_string_vec4
    %pushi/vec4 0, 0, 32; draw_string_vec4
    %concat/vec4; draw_string_vec4
    %pushi/vec4 0, 0, 32; draw_string_vec4
    %concat/vec4; draw_string_vec4
    %pushi/vec4 0, 0, 32; draw_string_vec4
    %concat/vec4; draw_string_vec4
    %pushi/vec4 0, 0, 32; draw_string_vec4
    %concat/vec4; draw_string_vec4
    %pushi/vec4 0, 0, 32; draw_string_vec4
    %concat/vec4; draw_string_vec4
    %pushi/vec4 0, 0, 32; draw_string_vec4
    %concat/vec4; draw_string_vec4
    %pushi/vec4 0, 0, 32; draw_string_vec4
    %concat/vec4; draw_string_vec4
    %pushi/vec4 0, 0, 32; draw_string_vec4
    %concat/vec4; draw_string_vec4
    %pushi/vec4 0, 0, 32; draw_string_vec4
    %concat/vec4; draw_string_vec4
    %pushi/vec4 0, 0, 32; draw_string_vec4
    %concat/vec4; draw_string_vec4
    %pushi/vec4 0, 0, 32; draw_string_vec4
    %concat/vec4; draw_string_vec4
    %pushi/vec4 0, 0, 32; draw_string_vec4
    %concat/vec4; draw_string_vec4
    %pushi/vec4 0, 0, 32; draw_string_vec4
    %concat/vec4; draw_string_vec4
    %pushi/vec4 0, 0, 32; draw_string_vec4
    %concat/vec4; draw_string_vec4
    %pushi/vec4 0, 0, 32; draw_string_vec4
    %concat/vec4; draw_string_vec4
    %pushi/vec4 0, 0, 32; draw_string_vec4
    %concat/vec4; draw_string_vec4
    %pushi/vec4 0, 0, 32; draw_string_vec4
    %concat/vec4; draw_string_vec4
    %pushi/vec4 0, 0, 32; draw_string_vec4
    %concat/vec4; draw_string_vec4
    %pushi/vec4 0, 0, 32; draw_string_vec4
    %concat/vec4; draw_string_vec4
    %pushi/vec4 0, 0, 32; draw_string_vec4
    %concat/vec4; draw_string_vec4
    %pushi/vec4 0, 0, 32; draw_string_vec4
    %concat/vec4; draw_string_vec4
    %pushi/vec4 0, 0, 32; draw_string_vec4
    %concat/vec4; draw_string_vec4
    %pushi/vec4 0, 0, 32; draw_string_vec4
    %concat/vec4; draw_string_vec4
    %pushi/vec4 0, 0, 32; draw_string_vec4
    %concat/vec4; draw_string_vec4
    %pushi/vec4 0, 0, 32; draw_string_vec4
    %concat/vec4; draw_string_vec4
    %pushi/vec4 0, 0, 32; draw_string_vec4
    %concat/vec4; draw_string_vec4
    %pushi/vec4 0, 0, 32; draw_string_vec4
    %concat/vec4; draw_string_vec4
    %pushi/vec4 0, 0, 32; draw_string_vec4
    %concat/vec4; draw_string_vec4
    %pushi/vec4 0, 0, 32; draw_string_vec4
    %concat/vec4; draw_string_vec4
    %pushi/vec4 0, 0, 32; draw_string_vec4
    %concat/vec4; draw_string_vec4
    %pushi/vec4 0, 0, 32; draw_string_vec4
    %concat/vec4; draw_string_vec4
    %pushi/vec4 0, 0, 32; draw_string_vec4
    %concat/vec4; draw_string_vec4
    %pushi/vec4 0, 0, 32; draw_string_vec4
    %concat/vec4; draw_string_vec4
    %pushi/vec4 0, 0, 32; draw_string_vec4
    %concat/vec4; draw_string_vec4
    %pushi/vec4 0, 0, 32; draw_string_vec4
    %concat/vec4; draw_string_vec4
    %pushi/vec4 0, 0, 32; draw_string_vec4
    %concat/vec4; draw_string_vec4
    %pushi/vec4 1685417328, 0, 32; draw_string_vec4
    %concat/vec4; draw_string_vec4
    %pushi/vec4 779510628, 0, 32; draw_string_vec4
    %concat/vec4; draw_string_vec4
    %store/vec4 v0x560ab60b5ed0_0, 0, 2048;
T_34.2 ;
T_34.1 ;
    %vpi_func 2 96 "$value$plusargs" 32, "bscfsdb=%s", v0x560ab60b5ed0_0 {0 0 0};
    %cmpi/ne 0, 0, 32;
    %jmp/0xz  T_34.4, 4;
    %pushi/vec4 1, 0, 1;
    %store/vec4 v0x560ab60b5c90_0, 0, 1;
    %jmp T_34.5;
T_34.4 ;
    %load/vec4 v0x560ab60b5c90_0;
    %flag_set/vec4 8;
    %jmp/0xz  T_34.6, 8;
    %pushi/vec4 0, 0, 32; draw_string_vec4
    %pushi/vec4 0, 0, 32; draw_string_vec4
    %concat/vec4; draw_string_vec4
    %pushi/vec4 0, 0, 32; draw_string_vec4
    %concat/vec4; draw_string_vec4
    %pushi/vec4 0, 0, 32; draw_string_vec4
    %concat/vec4; draw_string_vec4
    %pushi/vec4 0, 0, 32; draw_string_vec4
    %concat/vec4; draw_string_vec4
    %pushi/vec4 0, 0, 32; draw_string_vec4
    %concat/vec4; draw_string_vec4
    %pushi/vec4 0, 0, 32; draw_string_vec4
    %concat/vec4; draw_string_vec4
    %pushi/vec4 0, 0, 32; draw_string_vec4
    %concat/vec4; draw_string_vec4
    %pushi/vec4 0, 0, 32; draw_string_vec4
    %concat/vec4; draw_string_vec4
    %pushi/vec4 0, 0, 32; draw_string_vec4
    %concat/vec4; draw_string_vec4
    %pushi/vec4 0, 0, 32; draw_string_vec4
    %concat/vec4; draw_string_vec4
    %pushi/vec4 0, 0, 32; draw_string_vec4
    %concat/vec4; draw_string_vec4
    %pushi/vec4 0, 0, 32; draw_string_vec4
    %concat/vec4; draw_string_vec4
    %pushi/vec4 0, 0, 32; draw_string_vec4
    %concat/vec4; draw_string_vec4
    %pushi/vec4 0, 0, 32; draw_string_vec4
    %concat/vec4; draw_string_vec4
    %pushi/vec4 0, 0, 32; draw_string_vec4
    %concat/vec4; draw_string_vec4
    %pushi/vec4 0, 0, 32; draw_string_vec4
    %concat/vec4; draw_string_vec4
    %pushi/vec4 0, 0, 32; draw_string_vec4
    %concat/vec4; draw_string_vec4
    %pushi/vec4 0, 0, 32; draw_string_vec4
    %concat/vec4; draw_string_vec4
    %pushi/vec4 0, 0, 32; draw_string_vec4
    %concat/vec4; draw_string_vec4
    %pushi/vec4 0, 0, 32; draw_string_vec4
    %concat/vec4; draw_string_vec4
    %pushi/vec4 0, 0, 32; draw_string_vec4
    %concat/vec4; draw_string_vec4
    %pushi/vec4 0, 0, 32; draw_string_vec4
    %concat/vec4; draw_string_vec4
    %pushi/vec4 0, 0, 32; draw_string_vec4
    %concat/vec4; draw_string_vec4
    %pushi/vec4 0, 0, 32; draw_string_vec4
    %concat/vec4; draw_string_vec4
    %pushi/vec4 0, 0, 32; draw_string_vec4
    %concat/vec4; draw_string_vec4
    %pushi/vec4 0, 0, 32; draw_string_vec4
    %concat/vec4; draw_string_vec4
    %pushi/vec4 0, 0, 32; draw_string_vec4
    %concat/vec4; draw_string_vec4
    %pushi/vec4 0, 0, 32; draw_string_vec4
    %concat/vec4; draw_string_vec4
    %pushi/vec4 0, 0, 32; draw_string_vec4
    %concat/vec4; draw_string_vec4
    %pushi/vec4 0, 0, 32; draw_string_vec4
    %concat/vec4; draw_string_vec4
    %pushi/vec4 0, 0, 32; draw_string_vec4
    %concat/vec4; draw_string_vec4
    %pushi/vec4 0, 0, 32; draw_string_vec4
    %concat/vec4; draw_string_vec4
    %pushi/vec4 0, 0, 32; draw_string_vec4
    %concat/vec4; draw_string_vec4
    %pushi/vec4 0, 0, 32; draw_string_vec4
    %concat/vec4; draw_string_vec4
    %pushi/vec4 0, 0, 32; draw_string_vec4
    %concat/vec4; draw_string_vec4
    %pushi/vec4 0, 0, 32; draw_string_vec4
    %concat/vec4; draw_string_vec4
    %pushi/vec4 0, 0, 32; draw_string_vec4
    %concat/vec4; draw_string_vec4
    %pushi/vec4 0, 0, 32; draw_string_vec4
    %concat/vec4; draw_string_vec4
    %pushi/vec4 0, 0, 32; draw_string_vec4
    %concat/vec4; draw_string_vec4
    %pushi/vec4 0, 0, 32; draw_string_vec4
    %concat/vec4; draw_string_vec4
    %pushi/vec4 0, 0, 32; draw_string_vec4
    %concat/vec4; draw_string_vec4
    %pushi/vec4 0, 0, 32; draw_string_vec4
    %concat/vec4; draw_string_vec4
    %pushi/vec4 0, 0, 32; draw_string_vec4
    %concat/vec4; draw_string_vec4
    %pushi/vec4 0, 0, 32; draw_string_vec4
    %concat/vec4; draw_string_vec4
    %pushi/vec4 0, 0, 32; draw_string_vec4
    %concat/vec4; draw_string_vec4
    %pushi/vec4 0, 0, 32; draw_string_vec4
    %concat/vec4; draw_string_vec4
    %pushi/vec4 0, 0, 32; draw_string_vec4
    %concat/vec4; draw_string_vec4
    %pushi/vec4 0, 0, 32; draw_string_vec4
    %concat/vec4; draw_string_vec4
    %pushi/vec4 0, 0, 32; draw_string_vec4
    %concat/vec4; draw_string_vec4
    %pushi/vec4 0, 0, 32; draw_string_vec4
    %concat/vec4; draw_string_vec4
    %pushi/vec4 0, 0, 32; draw_string_vec4
    %concat/vec4; draw_string_vec4
    %pushi/vec4 0, 0, 32; draw_string_vec4
    %concat/vec4; draw_string_vec4
    %pushi/vec4 0, 0, 32; draw_string_vec4
    %concat/vec4; draw_string_vec4
    %pushi/vec4 0, 0, 32; draw_string_vec4
    %concat/vec4; draw_string_vec4
    %pushi/vec4 0, 0, 32; draw_string_vec4
    %concat/vec4; draw_string_vec4
    %pushi/vec4 0, 0, 32; draw_string_vec4
    %concat/vec4; draw_string_vec4
    %pushi/vec4 0, 0, 32; draw_string_vec4
    %concat/vec4; draw_string_vec4
    %pushi/vec4 0, 0, 32; draw_string_vec4
    %concat/vec4; draw_string_vec4
    %pushi/vec4 0, 0, 32; draw_string_vec4
    %concat/vec4; draw_string_vec4
    %pushi/vec4 0, 0, 32; draw_string_vec4
    %concat/vec4; draw_string_vec4
    %pushi/vec4 100, 0, 32; draw_string_vec4
    %concat/vec4; draw_string_vec4
    %pushi/vec4 1970106414, 0, 32; draw_string_vec4
    %concat/vec4; draw_string_vec4
    %pushi/vec4 1718838370, 0, 32; draw_string_vec4
    %concat/vec4; draw_string_vec4
    %store/vec4 v0x560ab60b5ed0_0, 0, 2048;
T_34.6 ;
T_34.5 ;
    %load/vec4 v0x560ab60b5e10_0;
    %flag_set/vec4 8;
    %jmp/0xz  T_34.8, 8;
    %vpi_call 2 114 "$dumpfile", v0x560ab60b5ed0_0 {0 0 0};
    %vpi_call 2 115 "$dumpvars", 32'sb00000000000000000000000000000000, S_0x560ab607d950 {0 0 0};
T_34.8 ;
    %delay 0, 0;
    %pushi/vec4 0, 0, 1;
    %store/vec4 v0x560ab60b5a40_0, 0, 1;
    %delay 1, 0;
    %pushi/vec4 1, 0, 1;
    %store/vec4 v0x560ab60b59a0_0, 0, 1;
    %delay 1, 0;
    %pushi/vec4 1, 0, 1;
    %store/vec4 v0x560ab60b5a40_0, 0, 1;
    %end;
    .thread T_34;
    .scope S_0x560ab607d950;
T_35 ;
    %delay 1, 0;
    %load/vec4 v0x560ab60b5bd0_0;
    %flag_set/vec4 8;
    %jmp/0xz  T_35.0, 8;
    %vpi_call 2 137 "$display", "cycle %0d", v0x560ab60b5b00_0 {0 0 0};
T_35.0 ;
    %load/vec4 v0x560ab60b5b00_0;
    %addi 1, 0, 32;
    %store/vec4 v0x560ab60b5b00_0, 0, 32;
    %delay 4, 0;
    %pushi/vec4 0, 0, 1;
    %store/vec4 v0x560ab60b59a0_0, 0, 1;
    %delay 5, 0;
    %pushi/vec4 1, 0, 1;
    %store/vec4 v0x560ab60b59a0_0, 0, 1;
    %jmp T_35;
    .thread T_35;
# The file index is used to find the file name in the following table.
:file_names 8;
    "N/A";
    "<interactive>";
    "/opt/bsc/bsv-latest/lib/Verilog/main.v";
    "mkFinalTest.v";
    "/opt/bsc/bsv-latest/lib/Verilog/FIFO2.v";
    "./mkHP.v";
    "/opt/bsc/bsv-latest/lib/Verilog/RegFileLoad.v";
    "./mkLP.v";
